2024-04-18 16:51:00.850 [DEBU] {58f58603be53c717107f0b0fb920449a} [ 17 ms] [default] [rows:15 ] SHOW FULL COLUMNS FROM `order_info`
2024-04-18 16:51:00.856 [DEBU] {58f58603be53c717107f0b0fb920449a} [  5 ms] [default] [rows:1  ] SELECT COUNT(1) FROM `order_info` WHERE (`status`=4) AND (updated_at <='2024-04-11 16:51:00')
2024-04-18 16:51:04.673 [DEBU] {f8ab1c61bf53c717127f0b0fe1dc0e2c} [  3 ms] [default] [rows:8  ] SHOW FULL COLUMNS FROM `admin_info`
2024-04-18 16:51:04.675 [DEBU] {78dc4861bf53c717137f0b0f97e54029} [  2 ms] [default] [rows:1  ] SELECT `id`,`name`,`password`,`role_ids`,`created_at`,`updated_at`,`user_salt`,`is_admin` FROM `admin_info` WHERE `name`='wangzhongyang' LIMIT 1
2024-04-18 16:52:00.806 [DEBU] {58f58603be53c717107f0b0fb920449a} [  2 ms] [default] [rows:1  ] SELECT COUNT(1) FROM `order_info` WHERE (`status`=4) AND (updated_at <='2024-04-11 16:52:00')
2024-04-18 16:53:00.806 [DEBU] {58f58603be53c717107f0b0fb920449a} [  1 ms] [default] [rows:1  ] SELECT COUNT(1) FROM `order_info` WHERE (`status`=4) AND (updated_at <='2024-04-11 16:53:00')
2024-04-18 16:54:00.807 [DEBU] {58f58603be53c717107f0b0fb920449a} [  1 ms] [default] [rows:1  ] SELECT COUNT(1) FROM `order_info` WHERE (`status`=4) AND (updated_at <='2024-04-11 16:54:00')
2024-04-18 16:55:00.742 [DEBU] {58f58603be53c717107f0b0fb920449a} [  3 ms] [default] [rows:1  ] SELECT COUNT(1) FROM `order_info` WHERE (`status`=4) AND (updated_at <='2024-04-11 16:55:00')
2024-04-18 16:56:00.743 [DEBU] {58f58603be53c717107f0b0fb920449a} [  4 ms] [default] [rows:1  ] SELECT COUNT(1) FROM `order_info` WHERE (`status`=4) AND (updated_at <='2024-04-11 16:56:00')
2024-04-18 16:57:00.745 [DEBU] {58f58603be53c717107f0b0fb920449a} [  5 ms] [default] [rows:1  ] SELECT COUNT(1) FROM `order_info` WHERE (`status`=4) AND (updated_at <='2024-04-11 16:57:00')
2024-04-18 16:58:00.739 [DEBU] {58f58603be53c717107f0b0fb920449a} [  2 ms] [default] [rows:1  ] SELECT COUNT(1) FROM `order_info` WHERE (`status`=4) AND (updated_at <='2024-04-11 16:58:00')
2024-04-18 16:59:00.739 [DEBU] {58f58603be53c717107f0b0fb920449a} [  2 ms] [default] [rows:1  ] SELECT COUNT(1) FROM `order_info` WHERE (`status`=4) AND (updated_at <='2024-04-11 16:59:00')
2024-04-18 17:00:00.741 [DEBU] {58f58603be53c717107f0b0fb920449a} [  3 ms] [default] [rows:1  ] SELECT COUNT(1) FROM `order_info` WHERE (`status`=4) AND (updated_at <='2024-04-11 17:00:00')
2024-04-18 17:01:00.742 [DEBU] {58f58603be53c717107f0b0fb920449a} [  4 ms] [default] [rows:1  ] SELECT COUNT(1) FROM `order_info` WHERE (`status`=4) AND (updated_at <='2024-04-11 17:01:00')
2024-04-18 17:01:21.109 [DEBU] {003babe74e54c717157f0b0fb8a51b99} [  1 ms] [default] [rows:1  ] SELECT `id`,`name`,`password`,`role_ids`,`created_at`,`updated_at`,`user_salt`,`is_admin` FROM `admin_info` WHERE `name`='wangzhongyang' LIMIT 1
2024-04-18 17:02:00.739 [DEBU] {58f58603be53c717107f0b0fb920449a} [  2 ms] [default] [rows:1  ] SELECT COUNT(1) FROM `order_info` WHERE (`status`=4) AND (updated_at <='2024-04-11 17:02:00')
2024-04-18 17:03:00.742 [DEBU] {58f58603be53c717107f0b0fb920449a} [  4 ms] [default] [rows:1  ] SELECT COUNT(1) FROM `order_info` WHERE (`status`=4) AND (updated_at <='2024-04-11 17:03:00')
2024-04-18 17:04:00.741 [DEBU] {58f58603be53c717107f0b0fb920449a} [  3 ms] [default] [rows:1  ] SELECT COUNT(1) FROM `order_info` WHERE (`status`=4) AND (updated_at <='2024-04-11 17:04:00')
2024-04-18 17:05:00.739 [DEBU] {58f58603be53c717107f0b0fb920449a} [  2 ms] [default] [rows:1  ] SELECT COUNT(1) FROM `order_info` WHERE (`status`=4) AND (updated_at <='2024-04-11 17:05:00')
2024-04-18 17:06:00.738 [DEBU] {58f58603be53c717107f0b0fb920449a} [  1 ms] [default] [rows:1  ] SELECT COUNT(1) FROM `order_info` WHERE (`status`=4) AND (updated_at <='2024-04-11 17:06:00')
2024-04-18 17:07:00.737 [DEBU] {58f58603be53c717107f0b0fb920449a} [  1 ms] [default] [rows:1  ] SELECT COUNT(1) FROM `order_info` WHERE (`status`=4) AND (updated_at <='2024-04-11 17:07:00')
2024-04-18 17:08:00.740 [DEBU] {58f58603be53c717107f0b0fb920449a} [  4 ms] [default] [rows:1  ] SELECT COUNT(1) FROM `order_info` WHERE (`status`=4) AND (updated_at <='2024-04-11 17:08:00')
2024-04-18 17:09:00.738 [DEBU] {58f58603be53c717107f0b0fb920449a} [  2 ms] [default] [rows:1  ] SELECT COUNT(1) FROM `order_info` WHERE (`status`=4) AND (updated_at <='2024-04-11 17:09:00')
2024-04-18 17:10:00.741 [DEBU] {58f58603be53c717107f0b0fb920449a} [  4 ms] [default] [rows:1  ] SELECT COUNT(1) FROM `order_info` WHERE (`status`=4) AND (updated_at <='2024-04-11 17:10:00')
2024-04-18 17:11:00.685 [DEBU] {58f58603be53c717107f0b0fb920449a} [  3 ms] [default] [rows:1  ] SELECT COUNT(1) FROM `order_info` WHERE (`status`=4) AND (updated_at <='2024-04-11 17:11:00')
2024-04-18 17:12:00.683 [DEBU] {58f58603be53c717107f0b0fb920449a} [  2 ms] [default] [rows:1  ] SELECT COUNT(1) FROM `order_info` WHERE (`status`=4) AND (updated_at <='2024-04-11 17:12:00')
2024-04-18 17:13:00.683 [DEBU] {58f58603be53c717107f0b0fb920449a} [  2 ms] [default] [rows:1  ] SELECT COUNT(1) FROM `order_info` WHERE (`status`=4) AND (updated_at <='2024-04-11 17:13:00')
2024-04-18 17:14:00.682 [DEBU] {58f58603be53c717107f0b0fb920449a} [  1 ms] [default] [rows:1  ] SELECT COUNT(1) FROM `order_info` WHERE (`status`=4) AND (updated_at <='2024-04-11 17:14:00')
2024-04-18 17:15:00.685 [DEBU] {58f58603be53c717107f0b0fb920449a} [  4 ms] [default] [rows:1  ] SELECT COUNT(1) FROM `order_info` WHERE (`status`=4) AND (updated_at <='2024-04-11 17:15:00')
2024-04-18 17:16:00.682 [DEBU] {58f58603be53c717107f0b0fb920449a} [  3 ms] [default] [rows:1  ] SELECT COUNT(1) FROM `order_info` WHERE (`status`=4) AND (updated_at <='2024-04-11 17:16:00')
2024-04-18 17:17:00.683 [DEBU] {58f58603be53c717107f0b0fb920449a} [  4 ms] [default] [rows:1  ] SELECT COUNT(1) FROM `order_info` WHERE (`status`=4) AND (updated_at <='2024-04-11 17:17:00')
2024-04-18 17:17:27.629 [DEBU] {30338ef02f55c7172c6eb36b5ae9b202} [  4 ms] [default] [rows:8  ] SHOW FULL COLUMNS FROM `admin_info`
2024-04-18 17:17:27.630 [DEBU] {98e3cff02f55c7172d6eb36b476774e0} [  1 ms] [default] [rows:1  ] SELECT `id`,`name`,`password`,`role_ids`,`created_at`,`updated_at`,`user_salt`,`is_admin` FROM `admin_info` WHERE `name`='wangzhongyang' LIMIT 1
2024-04-18 17:17:27.635 [DEBU] {30441df12f55c7172e6eb36bc7d86ad0} [  1 ms] [default] [rows:1  ] SELECT `id`,`name`,`password`,`role_ids`,`created_at`,`updated_at`,`user_salt`,`is_admin` FROM `admin_info` WHERE `id`='3' LIMIT 1
2024-04-18 17:17:27.636 [DEBU] {206426f12f55c7172f6eb36b032cd5e1} [  1 ms] [default] [rows:5  ] SHOW FULL COLUMNS FROM `role_permission_info`
2024-04-18 17:17:27.639 [DEBU] {e0d837f12f55c717306eb36b5faac942} [  3 ms] [default] [rows:0  ] SELECT `id`,`role_id`,`permission_id`,`created_at`,`updated_at` FROM `role_permission_info` WHERE `role_id` IN ('2')
2024-04-18 17:17:27.640 [DEBU] {40916af12f55c717316eb36bd9005ca5} [  1 ms] [default] [rows:6  ] SHOW FULL COLUMNS FROM `permission_info`
2024-04-18 17:17:27.642 [DEBU] {d8537ef12f55c717326eb36bf8e33cb7} [  1 ms] [default] [rows:0  ] SELECT `id`,`name`,`path`,`created_at`,`updated_at`,`deleted_at` FROM `permission_info` WHERE (0=1) AND `deleted_at` IS NULL
2024-04-18 17:18:00.916 [DEBU] {50f18bad2d55c7172a6eb36b1c27a043} [  6 ms] [default] [rows:15 ] SHOW FULL COLUMNS FROM `order_info`
2024-04-18 17:18:00.918 [DEBU] {50f18bad2d55c7172a6eb36b1c27a043} [  1 ms] [default] [rows:1  ] SELECT COUNT(1) FROM `order_info` WHERE (`status`=4) AND (updated_at <='2024-04-11 17:18:00')
2024-04-18 17:19:00.915 [DEBU] {50f18bad2d55c7172a6eb36b1c27a043} [  5 ms] [default] [rows:1  ] SELECT COUNT(1) FROM `order_info` WHERE (`status`=4) AND (updated_at <='2024-04-11 17:19:00')
2024-04-18 17:20:00.912 [DEBU] {50f18bad2d55c7172a6eb36b1c27a043} [  3 ms] [default] [rows:1  ] SELECT COUNT(1) FROM `order_info` WHERE (`status`=4) AND (updated_at <='2024-04-11 17:20:00')
2024-04-18 17:21:00.912 [DEBU] {50f18bad2d55c7172a6eb36b1c27a043} [  3 ms] [default] [rows:1  ] SELECT COUNT(1) FROM `order_info` WHERE (`status`=4) AND (updated_at <='2024-04-11 17:21:00')
2024-04-18 17:22:00.912 [DEBU] {50f18bad2d55c7172a6eb36b1c27a043} [  4 ms] [default] [rows:1  ] SELECT COUNT(1) FROM `order_info` WHERE (`status`=4) AND (updated_at <='2024-04-11 17:22:00')
2024-04-18 17:23:00.912 [DEBU] {50f18bad2d55c7172a6eb36b1c27a043} [  4 ms] [default] [rows:1  ] SELECT COUNT(1) FROM `order_info` WHERE (`status`=4) AND (updated_at <='2024-04-11 17:23:00')
2024-04-18 17:24:00.912 [DEBU] {50f18bad2d55c7172a6eb36b1c27a043} [  5 ms] [default] [rows:1  ] SELECT COUNT(1) FROM `order_info` WHERE (`status`=4) AND (updated_at <='2024-04-11 17:24:00')
2024-04-18 17:25:00.908 [DEBU] {50f18bad2d55c7172a6eb36b1c27a043} [  1 ms] [default] [rows:1  ] SELECT COUNT(1) FROM `order_info` WHERE (`status`=4) AND (updated_at <='2024-04-11 17:25:00')
2024-04-18 17:26:00.908 [DEBU] {50f18bad2d55c7172a6eb36b1c27a043} [  2 ms] [default] [rows:1  ] SELECT COUNT(1) FROM `order_info` WHERE (`status`=4) AND (updated_at <='2024-04-11 17:26:00')
2024-04-18 17:27:00.652 [DEBU] {70b0b888af55c7173854840520fc0f8c} [ 12 ms] [default] [rows:15 ] SHOW FULL COLUMNS FROM `order_info`
2024-04-18 17:27:00.656 [DEBU] {70b0b888af55c7173854840520fc0f8c} [  3 ms] [default] [rows:1  ] SELECT COUNT(1) FROM `order_info` WHERE (`status`=4) AND (updated_at <='2024-04-11 17:27:00')
2024-04-18 17:28:00.638 [DEBU] {70b0b888af55c7173854840520fc0f8c} [  1 ms] [default] [rows:1  ] SELECT COUNT(1) FROM `order_info` WHERE (`status`=4) AND (updated_at <='2024-04-11 17:28:00')
2024-04-18 17:29:00.638 [DEBU] {70b0b888af55c7173854840520fc0f8c} [  1 ms] [default] [rows:1  ] SELECT COUNT(1) FROM `order_info` WHERE (`status`=4) AND (updated_at <='2024-04-11 17:29:00')
2024-04-18 17:30:00.637 [DEBU] {70b0b888af55c7173854840520fc0f8c} [  1 ms] [default] [rows:1  ] SELECT COUNT(1) FROM `order_info` WHERE (`status`=4) AND (updated_at <='2024-04-11 17:30:00')
2024-04-18 17:31:00.637 [DEBU] {70b0b888af55c7173854840520fc0f8c} [  2 ms] [default] [rows:1  ] SELECT COUNT(1) FROM `order_info` WHERE (`status`=4) AND (updated_at <='2024-04-11 17:31:00')
2024-04-18 17:32:00.638 [DEBU] {70b0b888af55c7173854840520fc0f8c} [  3 ms] [default] [rows:1  ] SELECT COUNT(1) FROM `order_info` WHERE (`status`=4) AND (updated_at <='2024-04-11 17:32:00')
2024-04-18 17:33:00.639 [DEBU] {70b0b888af55c7173854840520fc0f8c} [  2 ms] [default] [rows:1  ] SELECT COUNT(1) FROM `order_info` WHERE (`status`=4) AND (updated_at <='2024-04-11 17:33:00')
2024-04-18 17:34:00.639 [DEBU] {70b0b888af55c7173854840520fc0f8c} [  2 ms] [default] [rows:1  ] SELECT COUNT(1) FROM `order_info` WHERE (`status`=4) AND (updated_at <='2024-04-11 17:34:00')
2024-04-18 17:35:00.639 [DEBU] {70b0b888af55c7173854840520fc0f8c} [  2 ms] [default] [rows:1  ] SELECT COUNT(1) FROM `order_info` WHERE (`status`=4) AND (updated_at <='2024-04-11 17:35:00')
2024-04-18 17:36:00.637 [DEBU] {70b0b888af55c7173854840520fc0f8c} [  1 ms] [default] [rows:1  ] SELECT COUNT(1) FROM `order_info` WHERE (`status`=4) AND (updated_at <='2024-04-11 17:36:00')
2024-04-18 17:36:43.986 [DEBU] {8039c02c3d56c7173a548405a54ec461} [  5 ms] [default] [rows:8  ] SHOW FULL COLUMNS FROM `admin_info`
2024-04-18 17:36:43.987 [DEBU] {4880102d3d56c7173b54840512e5b0d4} [  1 ms] [default] [rows:1  ] SELECT `id`,`name`,`password`,`role_ids`,`created_at`,`updated_at`,`user_salt`,`is_admin` FROM `admin_info` WHERE `name`='admin' LIMIT 1
2024-04-18 17:36:43.992 [DEBU] {70234f2d3d56c7173c5484058768a6a3} [  2 ms] [default] [rows:1  ] SELECT `id`,`name`,`password`,`role_ids`,`created_at`,`updated_at`,`user_salt`,`is_admin` FROM `admin_info` WHERE `id`='16' LIMIT 1
2024-04-18 17:36:43.996 [DEBU] {70c2732d3d56c7173d548405c4b0fd1d} [  3 ms] [default] [rows:5  ] SHOW FULL COLUMNS FROM `role_permission_info`
2024-04-18 17:36:43.999 [DEBU] {30b8ae2d3d56c7173e5484053b610ee7} [  2 ms] [default] [rows:0  ] SELECT `id`,`role_id`,`permission_id`,`created_at`,`updated_at` FROM `role_permission_info` WHERE `role_id` IN ('1')
2024-04-18 17:36:44.003 [DEBU] {8836dd2d3d56c7173f548405560f0057} [  3 ms] [default] [rows:6  ] SHOW FULL COLUMNS FROM `permission_info`
2024-04-18 17:36:44.004 [DEBU] {50a2122e3d56c717405484055577c2fe} [  1 ms] [default] [rows:0  ] SELECT `id`,`name`,`path`,`created_at`,`updated_at`,`deleted_at` FROM `permission_info` WHERE (0=1) AND `deleted_at` IS NULL
2024-04-18 17:37:00.637 [DEBU] {70b0b888af55c7173854840520fc0f8c} [  1 ms] [default] [rows:1  ] SELECT COUNT(1) FROM `order_info` WHERE (`status`=4) AND (updated_at <='2024-04-11 17:37:00')
2024-04-18 17:38:00.639 [DEBU] {70b0b888af55c7173854840520fc0f8c} [  4 ms] [default] [rows:1  ] SELECT COUNT(1) FROM `order_info` WHERE (`status`=4) AND (updated_at <='2024-04-11 17:38:00')
2024-04-18 17:39:00.638 [DEBU] {70b0b888af55c7173854840520fc0f8c} [  2 ms] [default] [rows:1  ] SELECT COUNT(1) FROM `order_info` WHERE (`status`=4) AND (updated_at <='2024-04-11 17:39:00')
2024-04-18 17:40:00.638 [DEBU] {70b0b888af55c7173854840520fc0f8c} [  2 ms] [default] [rows:1  ] SELECT COUNT(1) FROM `order_info` WHERE (`status`=4) AND (updated_at <='2024-04-11 17:40:00')
2024-04-18 17:41:00.637 [DEBU] {70b0b888af55c7173854840520fc0f8c} [  2 ms] [default] [rows:1  ] SELECT COUNT(1) FROM `order_info` WHERE (`status`=4) AND (updated_at <='2024-04-11 17:41:00')
2024-04-18 17:42:00.637 [DEBU] {70b0b888af55c7173854840520fc0f8c} [  2 ms] [default] [rows:1  ] SELECT COUNT(1) FROM `order_info` WHERE (`status`=4) AND (updated_at <='2024-04-11 17:42:00')
2024-04-18 17:43:00.637 [DEBU] {70b0b888af55c7173854840520fc0f8c} [  2 ms] [default] [rows:1  ] SELECT COUNT(1) FROM `order_info` WHERE (`status`=4) AND (updated_at <='2024-04-11 17:43:00')
2024-04-18 17:44:00.636 [DEBU] {70b0b888af55c7173854840520fc0f8c} [  1 ms] [default] [rows:1  ] SELECT COUNT(1) FROM `order_info` WHERE (`status`=4) AND (updated_at <='2024-04-11 17:44:00')
2024-04-18 17:45:00.637 [DEBU] {70b0b888af55c7173854840520fc0f8c} [  2 ms] [default] [rows:1  ] SELECT COUNT(1) FROM `order_info` WHERE (`status`=4) AND (updated_at <='2024-04-11 17:45:00')
2024-04-18 17:46:00.638 [DEBU] {70b0b888af55c7173854840520fc0f8c} [  3 ms] [default] [rows:1  ] SELECT COUNT(1) FROM `order_info` WHERE (`status`=4) AND (updated_at <='2024-04-11 17:46:00')
2024-04-18 17:47:00.636 [DEBU] {70b0b888af55c7173854840520fc0f8c} [  2 ms] [default] [rows:1  ] SELECT COUNT(1) FROM `order_info` WHERE (`status`=4) AND (updated_at <='2024-04-11 17:47:00')
2024-04-18 17:48:00.614 [DEBU] {70b0b888af55c7173854840520fc0f8c} [  3 ms] [default] [rows:1  ] SELECT COUNT(1) FROM `order_info` WHERE (`status`=4) AND (updated_at <='2024-04-11 17:48:00')
2024-04-18 17:49:00.612 [DEBU] {70b0b888af55c7173854840520fc0f8c} [  1 ms] [default] [rows:1  ] SELECT COUNT(1) FROM `order_info` WHERE (`status`=4) AND (updated_at <='2024-04-11 17:49:00')
2024-04-18 17:50:00.613 [DEBU] {70b0b888af55c7173854840520fc0f8c} [  1 ms] [default] [rows:1  ] SELECT COUNT(1) FROM `order_info` WHERE (`status`=4) AND (updated_at <='2024-04-11 17:50:00')
2024-04-18 17:51:00.613 [DEBU] {70b0b888af55c7173854840520fc0f8c} [  2 ms] [default] [rows:1  ] SELECT COUNT(1) FROM `order_info` WHERE (`status`=4) AND (updated_at <='2024-04-11 17:51:00')
2024-04-18 17:52:00.612 [DEBU] {70b0b888af55c7173854840520fc0f8c} [  1 ms] [default] [rows:1  ] SELECT COUNT(1) FROM `order_info` WHERE (`status`=4) AND (updated_at <='2024-04-11 17:52:00')
2024-04-18 17:53:00.612 [DEBU] {70b0b888af55c7173854840520fc0f8c} [  2 ms] [default] [rows:1  ] SELECT COUNT(1) FROM `order_info` WHERE (`status`=4) AND (updated_at <='2024-04-11 17:53:00')
2024-04-18 17:54:00.613 [DEBU] {70b0b888af55c7173854840520fc0f8c} [  2 ms] [default] [rows:1  ] SELECT COUNT(1) FROM `order_info` WHERE (`status`=4) AND (updated_at <='2024-04-11 17:54:00')
2024-04-18 17:55:00.612 [DEBU] {70b0b888af55c7173854840520fc0f8c} [  2 ms] [default] [rows:1  ] SELECT COUNT(1) FROM `order_info` WHERE (`status`=4) AND (updated_at <='2024-04-11 17:55:00')
2024-04-18 17:56:00.611 [DEBU] {70b0b888af55c7173854840520fc0f8c} [  1 ms] [default] [rows:1  ] SELECT COUNT(1) FROM `order_info` WHERE (`status`=4) AND (updated_at <='2024-04-11 17:56:00')
2024-04-18 17:57:00.612 [DEBU] {70b0b888af55c7173854840520fc0f8c} [  1 ms] [default] [rows:1  ] SELECT COUNT(1) FROM `order_info` WHERE (`status`=4) AND (updated_at <='2024-04-11 17:57:00')
2024-04-18 17:58:00.614 [DEBU] {70b0b888af55c7173854840520fc0f8c} [  3 ms] [default] [rows:1  ] SELECT COUNT(1) FROM `order_info` WHERE (`status`=4) AND (updated_at <='2024-04-11 17:58:00')
2024-04-18 17:59:00.612 [DEBU] {70b0b888af55c7173854840520fc0f8c} [  2 ms] [default] [rows:1  ] SELECT COUNT(1) FROM `order_info` WHERE (`status`=4) AND (updated_at <='2024-04-11 17:59:00')
2024-04-18 18:00:00.611 [DEBU] {70b0b888af55c7173854840520fc0f8c} [  1 ms] [default] [rows:1  ] SELECT COUNT(1) FROM `order_info` WHERE (`status`=4) AND (updated_at <='2024-04-11 18:00:00')
2024-04-18 18:01:00.612 [DEBU] {70b0b888af55c7173854840520fc0f8c} [  2 ms] [default] [rows:1  ] SELECT COUNT(1) FROM `order_info` WHERE (`status`=4) AND (updated_at <='2024-04-11 18:01:00')
2024-04-18 18:02:00.604 [DEBU] {70b0b888af55c7173854840520fc0f8c} [  2 ms] [default] [rows:1  ] SELECT COUNT(1) FROM `order_info` WHERE (`status`=4) AND (updated_at <='2024-04-11 18:02:00')
2024-04-18 18:03:00.566 [DEBU] {70b0b888af55c7173854840520fc0f8c} [  1 ms] [default] [rows:1  ] SELECT COUNT(1) FROM `order_info` WHERE (`status`=4) AND (updated_at <='2024-04-11 18:03:00')
2024-04-18 18:04:00.566 [DEBU] {70b0b888af55c7173854840520fc0f8c} [  2 ms] [default] [rows:1  ] SELECT COUNT(1) FROM `order_info` WHERE (`status`=4) AND (updated_at <='2024-04-11 18:04:00')
2024-04-18 18:05:00.565 [DEBU] {70b0b888af55c7173854840520fc0f8c} [  1 ms] [default] [rows:1  ] SELECT COUNT(1) FROM `order_info` WHERE (`status`=4) AND (updated_at <='2024-04-11 18:05:00')
2024-04-18 18:06:00.565 [DEBU] {70b0b888af55c7173854840520fc0f8c} [  2 ms] [default] [rows:1  ] SELECT COUNT(1) FROM `order_info` WHERE (`status`=4) AND (updated_at <='2024-04-11 18:06:00')
2024-04-18 18:07:00.564 [DEBU] {70b0b888af55c7173854840520fc0f8c} [  2 ms] [default] [rows:1  ] SELECT COUNT(1) FROM `order_info` WHERE (`status`=4) AND (updated_at <='2024-04-11 18:07:00')
2024-04-18 18:08:00.564 [DEBU] {70b0b888af55c7173854840520fc0f8c} [  2 ms] [default] [rows:1  ] SELECT COUNT(1) FROM `order_info` WHERE (`status`=4) AND (updated_at <='2024-04-11 18:08:00')
2024-04-18 18:10:00.309 [DEBU] {98bb9ddf0158c717f84116409339fd3e} [  3 ms] [default] [rows:15 ] SHOW FULL COLUMNS FROM `order_info`
2024-04-18 18:10:00.310 [DEBU] {98bb9ddf0158c717f84116409339fd3e} [  0 ms] [default] [rows:1  ] SELECT COUNT(1) FROM `order_info` WHERE (`status`=4) AND (updated_at <='2024-04-11 18:10:00')
2024-04-18 18:11:00.307 [DEBU] {98bb9ddf0158c717f84116409339fd3e} [  2 ms] [default] [rows:1  ] SELECT COUNT(1) FROM `order_info` WHERE (`status`=4) AND (updated_at <='2024-04-11 18:11:00')
2024-04-18 18:12:00.307 [DEBU] {98bb9ddf0158c717f84116409339fd3e} [  1 ms] [default] [rows:1  ] SELECT COUNT(1) FROM `order_info` WHERE (`status`=4) AND (updated_at <='2024-04-11 18:12:00')
2024-04-18 18:13:00.307 [DEBU] {98bb9ddf0158c717f84116409339fd3e} [  2 ms] [default] [rows:1  ] SELECT COUNT(1) FROM `order_info` WHERE (`status`=4) AND (updated_at <='2024-04-11 18:13:00')
2024-04-18 18:14:00.306 [DEBU] {98bb9ddf0158c717f84116409339fd3e} [  2 ms] [default] [rows:1  ] SELECT COUNT(1) FROM `order_info` WHERE (`status`=4) AND (updated_at <='2024-04-11 18:14:00')
2024-04-18 18:15:00.308 [DEBU] {98bb9ddf0158c717f84116409339fd3e} [  3 ms] [default] [rows:1  ] SELECT COUNT(1) FROM `order_info` WHERE (`status`=4) AND (updated_at <='2024-04-11 18:15:00')
2024-04-18 18:16:00.305 [DEBU] {98bb9ddf0158c717f84116409339fd3e} [  1 ms] [default] [rows:1  ] SELECT COUNT(1) FROM `order_info` WHERE (`status`=4) AND (updated_at <='2024-04-11 18:16:00')
2024-04-18 18:18:00.200 [DEBU] {f83919617158c717256a8f03cfe7707a} [  3 ms] [default] [rows:15 ] SHOW FULL COLUMNS FROM `order_info`
2024-04-18 18:18:00.201 [DEBU] {f83919617158c717256a8f03cfe7707a} [  1 ms] [default] [rows:1  ] SELECT COUNT(1) FROM `order_info` WHERE (`status`=4) AND (updated_at <='2024-04-11 18:18:00')
2024-04-18 18:19:00.196 [DEBU] {f83919617158c717256a8f03cfe7707a} [  2 ms] [default] [rows:1  ] SELECT COUNT(1) FROM `order_info` WHERE (`status`=4) AND (updated_at <='2024-04-11 18:19:00')
2024-04-18 18:20:00.197 [DEBU] {f83919617158c717256a8f03cfe7707a} [  2 ms] [default] [rows:1  ] SELECT COUNT(1) FROM `order_info` WHERE (`status`=4) AND (updated_at <='2024-04-11 18:20:00')
2024-04-18 18:21:00.195 [DEBU] {f83919617158c717256a8f03cfe7707a} [  2 ms] [default] [rows:1  ] SELECT COUNT(1) FROM `order_info` WHERE (`status`=4) AND (updated_at <='2024-04-11 18:21:00')
2024-04-18 18:22:00.194 [DEBU] {f83919617158c717256a8f03cfe7707a} [  1 ms] [default] [rows:1  ] SELECT COUNT(1) FROM `order_info` WHERE (`status`=4) AND (updated_at <='2024-04-11 18:22:00')
2024-04-18 18:23:00.195 [DEBU] {f83919617158c717256a8f03cfe7707a} [  3 ms] [default] [rows:1  ] SELECT COUNT(1) FROM `order_info` WHERE (`status`=4) AND (updated_at <='2024-04-11 18:23:00')
2024-04-18 18:24:00.195 [DEBU] {f83919617158c717256a8f03cfe7707a} [  3 ms] [default] [rows:1  ] SELECT COUNT(1) FROM `order_info` WHERE (`status`=4) AND (updated_at <='2024-04-11 18:24:00')
2024-04-18 18:25:00.233 [DEBU] {f8b65667d358c717252893039593d947} [  3 ms] [default] [rows:15 ] SHOW FULL COLUMNS FROM `order_info`
2024-04-18 18:25:00.234 [DEBU] {f8b65667d358c717252893039593d947} [  1 ms] [default] [rows:1  ] SELECT COUNT(1) FROM `order_info` WHERE (`status`=4) AND (updated_at <='2024-04-11 18:25:00')
2024-04-18 18:26:00.231 [DEBU] {f8b65667d358c717252893039593d947} [  2 ms] [default] [rows:1  ] SELECT COUNT(1) FROM `order_info` WHERE (`status`=4) AND (updated_at <='2024-04-11 18:26:00')
2024-04-18 18:27:00.231 [DEBU] {f8b65667d358c717252893039593d947} [  3 ms] [default] [rows:1  ] SELECT COUNT(1) FROM `order_info` WHERE (`status`=4) AND (updated_at <='2024-04-11 18:27:00')
2024-04-18 18:28:00.229 [DEBU] {f8b65667d358c717252893039593d947} [  1 ms] [default] [rows:1  ] SELECT COUNT(1) FROM `order_info` WHERE (`status`=4) AND (updated_at <='2024-04-11 18:28:00')
2024-04-18 18:29:00.230 [DEBU] {f8b65667d358c717252893039593d947} [  2 ms] [default] [rows:1  ] SELECT COUNT(1) FROM `order_info` WHERE (`status`=4) AND (updated_at <='2024-04-11 18:29:00')
2024-04-18 18:30:00.228 [DEBU] {f8b65667d358c717252893039593d947} [  1 ms] [default] [rows:1  ] SELECT COUNT(1) FROM `order_info` WHERE (`status`=4) AND (updated_at <='2024-04-11 18:30:00')
2024-04-18 18:31:00.229 [DEBU] {f8b65667d358c717252893039593d947} [  3 ms] [default] [rows:1  ] SELECT COUNT(1) FROM `order_info` WHERE (`status`=4) AND (updated_at <='2024-04-11 18:31:00')
2024-04-18 18:32:00.227 [DEBU] {f8b65667d358c717252893039593d947} [  1 ms] [default] [rows:1  ] SELECT COUNT(1) FROM `order_info` WHERE (`status`=4) AND (updated_at <='2024-04-11 18:32:00')
2024-04-18 18:33:00.158 [DEBU] {f8b65667d358c717252893039593d947} [  2 ms] [default] [rows:1  ] SELECT COUNT(1) FROM `order_info` WHERE (`status`=4) AND (updated_at <='2024-04-11 18:33:00')
2024-04-18 18:33:05.614 [DEBU] {c09695855059c7172c28930305fcc0a9} [  3 ms] [default] [rows:8  ] SHOW FULL COLUMNS FROM `admin_info`
2024-04-18 18:33:05.615 [DEBU] {f81fca855059c7172d2893035c3caedf} [  1 ms] [default] [rows:1  ] SELECT `id`,`name`,`password`,`role_ids`,`created_at`,`updated_at`,`user_salt`,`is_admin` FROM `admin_info` WHERE `name`='admin' LIMIT 1
2024-04-18 18:33:05.619 [DEBU] {58b402865059c7172e289303b5dc73bf} [  1 ms] [default] [rows:1  ] SELECT `id`,`name`,`password`,`role_ids`,`created_at`,`updated_at`,`user_salt`,`is_admin` FROM `admin_info` WHERE `id`='16' LIMIT 1
2024-04-18 18:33:05.625 [DEBU] {805917865059c7172f289303e9580289} [  6 ms] [default] [rows:5  ] SHOW FULL COLUMNS FROM `role_permission_info`
2024-04-18 18:33:05.628 [DEBU] {081579865059c7173028930329201e2c} [  2 ms] [default] [rows:0  ] SELECT `id`,`role_id`,`permission_id`,`created_at`,`updated_at` FROM `role_permission_info` WHERE `role_id` IN ('1')
2024-04-18 18:33:05.630 [DEBU] {284fa6865059c71731289303ec47ddae} [  1 ms] [default] [rows:6  ] SHOW FULL COLUMNS FROM `permission_info`
2024-04-18 18:33:05.631 [DEBU] {a00ac3865059c717322893032ad91146} [  1 ms] [default] [rows:0  ] SELECT `id`,`name`,`path`,`created_at`,`updated_at`,`deleted_at` FROM `permission_info` WHERE (0=1) AND `deleted_at` IS NULL
2024-04-18 18:33:48.226 [DEBU] {e87381715a59c71735289303fbc4d145} [  2 ms] [default] [rows:1  ] SELECT `id`,`name`,`password`,`role_ids`,`created_at`,`updated_at`,`user_salt`,`is_admin` FROM `admin_info` WHERE `name`='admin' LIMIT 1
2024-04-18 18:33:48.228 [DEBU] {40b0ba715a59c71736289303b6590762} [  1 ms] [default] [rows:1  ] SELECT `id`,`name`,`password`,`role_ids`,`created_at`,`updated_at`,`user_salt`,`is_admin` FROM `admin_info` WHERE `id`='16' LIMIT 1
2024-04-18 18:33:48.229 [DEBU] {b842c9715a59c7173728930310af91f0} [  1 ms] [default] [rows:0  ] SELECT `id`,`role_id`,`permission_id`,`created_at`,`updated_at` FROM `role_permission_info` WHERE `role_id` IN ('1')
2024-04-18 18:33:48.229 [DEBU] {083bd6715a59c717382893039a90beb7} [  0 ms] [default] [rows:0  ] SELECT `id`,`name`,`path`,`created_at`,`updated_at`,`deleted_at` FROM `permission_info` WHERE (0=1) AND `deleted_at` IS NULL
2024-04-18 18:34:00.156 [DEBU] {f8b65667d358c717252893039593d947} [  1 ms] [default] [rows:1  ] SELECT COUNT(1) FROM `order_info` WHERE (`status`=4) AND (updated_at <='2024-04-11 18:34:00')
2024-04-18 18:34:28.211 [DEBU] {f0b9d0c06359c7173b289303aae46d83} [  2 ms] [default] [rows:1  ] SELECT `id`,`name`,`password`,`role_ids`,`created_at`,`updated_at`,`user_salt`,`is_admin` FROM `admin_info` WHERE `name`='admin' LIMIT 1
2024-04-18 18:34:28.214 [DEBU] {c88711c16359c7173c289303bd7a3f5a} [  1 ms] [default] [rows:1  ] SELECT `id`,`name`,`password`,`role_ids`,`created_at`,`updated_at`,`user_salt`,`is_admin` FROM `admin_info` WHERE `id`='16' LIMIT 1
2024-04-18 18:34:28.215 [DEBU] {d05527c16359c7173d2893034ceac0a5} [  1 ms] [default] [rows:0  ] SELECT `id`,`role_id`,`permission_id`,`created_at`,`updated_at` FROM `role_permission_info` WHERE `role_id` IN ('1')
2024-04-18 18:34:28.216 [DEBU] {d0e938c16359c7173e289303cd772c5f} [  0 ms] [default] [rows:0  ] SELECT `id`,`name`,`path`,`created_at`,`updated_at`,`deleted_at` FROM `permission_info` WHERE (0=1) AND `deleted_at` IS NULL
2024-04-18 18:35:00.156 [DEBU] {f8b65667d358c717252893039593d947} [  2 ms] [default] [rows:1  ] SELECT COUNT(1) FROM `order_info` WHERE (`status`=4) AND (updated_at <='2024-04-11 18:35:00')
2024-04-18 18:35:43.868 [DEBU] {701c125e7559c71740289303fb26202e} [  6 ms] [default] [rows:1  ] SELECT `id`,`name`,`password`,`role_ids`,`created_at`,`updated_at`,`user_salt`,`is_admin` FROM `admin_info` WHERE `name`='admin' LIMIT 1
2024-04-18 18:35:43.870 [DEBU] {402a8e5e7559c717412893036aa8736f} [  0 ms] [default] [rows:1  ] SELECT `id`,`name`,`password`,`role_ids`,`created_at`,`updated_at`,`user_salt`,`is_admin` FROM `admin_info` WHERE `id`='16' LIMIT 1
2024-04-18 18:35:43.871 [DEBU] {a8959c5e7559c717422893033c023516} [  0 ms] [default] [rows:0  ] SELECT `id`,`role_id`,`permission_id`,`created_at`,`updated_at` FROM `role_permission_info` WHERE `role_id` IN ('1')
2024-04-18 18:35:43.874 [DEBU] {d898af5e7559c71743289303469a74e3} [  2 ms] [default] [rows:0  ] SELECT `id`,`name`,`path`,`created_at`,`updated_at`,`deleted_at` FROM `permission_info` WHERE (0=1) AND `deleted_at` IS NULL
2024-04-18 18:36:00.155 [DEBU] {f8b65667d358c717252893039593d947} [  1 ms] [default] [rows:1  ] SELECT COUNT(1) FROM `order_info` WHERE (`status`=4) AND (updated_at <='2024-04-11 18:36:00')
2024-04-18 18:36:28.240 [DEBU] {601e25b37f59c7174628930310b318d0} [  1 ms] [default] [rows:1  ] SELECT `id`,`name`,`password`,`role_ids`,`created_at`,`updated_at`,`user_salt`,`is_admin` FROM `admin_info` WHERE `name`='admin' LIMIT 1
2024-04-18 18:36:28.241 [DEBU] {30d147b37f59c71747289303395dcf73} [  0 ms] [default] [rows:1  ] SELECT `id`,`name`,`password`,`role_ids`,`created_at`,`updated_at`,`user_salt`,`is_admin` FROM `admin_info` WHERE `id`='16' LIMIT 1
2024-04-18 18:36:28.242 [DEBU] {38db53b37f59c717482893033218d67b} [  0 ms] [default] [rows:0  ] SELECT `id`,`role_id`,`permission_id`,`created_at`,`updated_at` FROM `role_permission_info` WHERE `role_id` IN ('1')
2024-04-18 18:36:28.243 [DEBU] {c0295fb37f59c71749289303240262f0} [  1 ms] [default] [rows:0  ] SELECT `id`,`name`,`path`,`created_at`,`updated_at`,`deleted_at` FROM `permission_info` WHERE (0=1) AND `deleted_at` IS NULL
2024-04-18 18:36:53.559 [DEBU] {483554988559c7174b289303fad51586} [  1 ms] [default] [rows:1  ] SELECT `id`,`name`,`password`,`role_ids`,`created_at`,`updated_at`,`user_salt`,`is_admin` FROM `admin_info` WHERE `name`='admin' LIMIT 1
2024-04-18 18:36:53.563 [DEBU] {608370988559c7174c289303fccf2b43} [  3 ms] [default] [rows:1  ] SELECT `id`,`name`,`password`,`role_ids`,`created_at`,`updated_at`,`user_salt`,`is_admin` FROM `admin_info` WHERE `id`='16' LIMIT 1
2024-04-18 18:36:53.567 [DEBU] {c08eaa988559c7174d2893031b8c1a27} [  3 ms] [default] [rows:0  ] SELECT `id`,`role_id`,`permission_id`,`created_at`,`updated_at` FROM `role_permission_info` WHERE `role_id` IN ('1')
2024-04-18 18:36:53.568 [DEBU] {102cdb988559c7174e2893035d0fca59} [  1 ms] [default] [rows:0  ] SELECT `id`,`name`,`path`,`created_at`,`updated_at`,`deleted_at` FROM `permission_info` WHERE (0=1) AND `deleted_at` IS NULL
2024-04-18 18:37:00.155 [DEBU] {f8b65667d358c717252893039593d947} [  2 ms] [default] [rows:1  ] SELECT COUNT(1) FROM `order_info` WHERE (`status`=4) AND (updated_at <='2024-04-11 18:37:00')
2024-04-18 18:38:00.153 [DEBU] {f8b65667d358c717252893039593d947} [  1 ms] [default] [rows:1  ] SELECT COUNT(1) FROM `order_info` WHERE (`status`=4) AND (updated_at <='2024-04-11 18:38:00')
2024-04-18 18:39:00.153 [DEBU] {f8b65667d358c717252893039593d947} [  2 ms] [default] [rows:1  ] SELECT COUNT(1) FROM `order_info` WHERE (`status`=4) AND (updated_at <='2024-04-11 18:39:00')
2024-04-18 18:40:00.151 [DEBU] {f8b65667d358c717252893039593d947} [  1 ms] [default] [rows:1  ] SELECT COUNT(1) FROM `order_info` WHERE (`status`=4) AND (updated_at <='2024-04-11 18:40:00')
2024-04-18 18:41:00.151 [DEBU] {f8b65667d358c717252893039593d947} [  1 ms] [default] [rows:1  ] SELECT COUNT(1) FROM `order_info` WHERE (`status`=4) AND (updated_at <='2024-04-11 18:41:00')
2024-04-18 18:42:00.150 [DEBU] {f8b65667d358c717252893039593d947} [  2 ms] [default] [rows:1  ] SELECT COUNT(1) FROM `order_info` WHERE (`status`=4) AND (updated_at <='2024-04-11 18:42:00')
2024-04-18 18:43:00.149 [DEBU] {f8b65667d358c717252893039593d947} [  2 ms] [default] [rows:1  ] SELECT COUNT(1) FROM `order_info` WHERE (`status`=4) AND (updated_at <='2024-04-11 18:43:00')
2024-04-18 18:44:00.148 [DEBU] {f8b65667d358c717252893039593d947} [  2 ms] [default] [rows:1  ] SELECT COUNT(1) FROM `order_info` WHERE (`status`=4) AND (updated_at <='2024-04-11 18:44:00')
2024-04-18 18:45:00.146 [DEBU] {f8b65667d358c717252893039593d947} [  1 ms] [default] [rows:1  ] SELECT COUNT(1) FROM `order_info` WHERE (`status`=4) AND (updated_at <='2024-04-11 18:45:00')
2024-04-18 18:46:00.099 [DEBU] {90abf8bcf859c717aca9ff1cc2528e75} [  4 ms] [default] [rows:15 ] SHOW FULL COLUMNS FROM `order_info`
2024-04-18 18:46:00.101 [DEBU] {90abf8bcf859c717aca9ff1cc2528e75} [  1 ms] [default] [rows:1  ] SELECT COUNT(1) FROM `order_info` WHERE (`status`=4) AND (updated_at <='2024-04-11 18:46:00')
2024-04-18 18:47:00.094 [DEBU] {90abf8bcf859c717aca9ff1cc2528e75} [  2 ms] [default] [rows:1  ] SELECT COUNT(1) FROM `order_info` WHERE (`status`=4) AND (updated_at <='2024-04-11 18:47:00')
2024-04-18 18:48:00.196 [DEBU] {90abf8bcf859c717aca9ff1cc2528e75} [  2 ms] [default] [rows:1  ] SELECT COUNT(1) FROM `order_info` WHERE (`status`=4) AND (updated_at <='2024-04-11 18:48:00')
2024-04-18 18:49:00.196 [DEBU] {90abf8bcf859c717aca9ff1cc2528e75} [  2 ms] [default] [rows:1  ] SELECT COUNT(1) FROM `order_info` WHERE (`status`=4) AND (updated_at <='2024-04-11 18:49:00')
2024-04-18 18:50:00.196 [DEBU] {90abf8bcf859c717aca9ff1cc2528e75} [  1 ms] [default] [rows:1  ] SELECT COUNT(1) FROM `order_info` WHERE (`status`=4) AND (updated_at <='2024-04-11 18:50:00')
2024-04-18 18:51:00.197 [DEBU] {90abf8bcf859c717aca9ff1cc2528e75} [  2 ms] [default] [rows:1  ] SELECT COUNT(1) FROM `order_info` WHERE (`status`=4) AND (updated_at <='2024-04-11 18:51:00')
2024-04-18 18:52:00.197 [DEBU] {90abf8bcf859c717aca9ff1cc2528e75} [  2 ms] [default] [rows:1  ] SELECT COUNT(1) FROM `order_info` WHERE (`status`=4) AND (updated_at <='2024-04-11 18:52:00')
2024-04-18 18:53:00.198 [DEBU] {90abf8bcf859c717aca9ff1cc2528e75} [  2 ms] [default] [rows:1  ] SELECT COUNT(1) FROM `order_info` WHERE (`status`=4) AND (updated_at <='2024-04-11 18:53:00')
2024-04-18 18:54:00.199 [DEBU] {90abf8bcf859c717aca9ff1cc2528e75} [  3 ms] [default] [rows:1  ] SELECT COUNT(1) FROM `order_info` WHERE (`status`=4) AND (updated_at <='2024-04-11 18:54:00')
2024-04-18 18:55:00.197 [DEBU] {90abf8bcf859c717aca9ff1cc2528e75} [  1 ms] [default] [rows:1  ] SELECT COUNT(1) FROM `order_info` WHERE (`status`=4) AND (updated_at <='2024-04-11 18:55:00')
2024-04-18 18:56:00.198 [DEBU] {90abf8bcf859c717aca9ff1cc2528e75} [  2 ms] [default] [rows:1  ] SELECT COUNT(1) FROM `order_info` WHERE (`status`=4) AND (updated_at <='2024-04-11 18:56:00')
2024-04-18 18:57:00.201 [DEBU] {90abf8bcf859c717aca9ff1cc2528e75} [  4 ms] [default] [rows:1  ] SELECT COUNT(1) FROM `order_info` WHERE (`status`=4) AND (updated_at <='2024-04-11 18:57:00')
2024-04-18 18:58:00.202 [DEBU] {90abf8bcf859c717aca9ff1cc2528e75} [  3 ms] [default] [rows:1  ] SELECT COUNT(1) FROM `order_info` WHERE (`status`=4) AND (updated_at <='2024-04-11 18:58:00')
2024-04-18 18:59:00.202 [DEBU] {90abf8bcf859c717aca9ff1cc2528e75} [  4 ms] [default] [rows:1  ] SELECT COUNT(1) FROM `order_info` WHERE (`status`=4) AND (updated_at <='2024-04-11 18:59:00')
2024-04-18 19:00:00.203 [DEBU] {90abf8bcf859c717aca9ff1cc2528e75} [  4 ms] [default] [rows:1  ] SELECT COUNT(1) FROM `order_info` WHERE (`status`=4) AND (updated_at <='2024-04-11 19:00:00')
2024-04-18 19:01:00.203 [DEBU] {90abf8bcf859c717aca9ff1cc2528e75} [  3 ms] [default] [rows:1  ] SELECT COUNT(1) FROM `order_info` WHERE (`status`=4) AND (updated_at <='2024-04-11 19:01:00')
2024-04-18 19:02:00.303 [DEBU] {90abf8bcf859c717aca9ff1cc2528e75} [  4 ms] [default] [rows:1  ] SELECT COUNT(1) FROM `order_info` WHERE (`status`=4) AND (updated_at <='2024-04-11 19:02:00')
2024-04-18 19:03:00.287 [DEBU] {90abf8bcf859c717aca9ff1cc2528e75} [  2 ms] [default] [rows:1  ] SELECT COUNT(1) FROM `order_info` WHERE (`status`=4) AND (updated_at <='2024-04-11 19:03:00')
2024-04-18 19:04:00.280 [DEBU] {90abf8bcf859c717aca9ff1cc2528e75} [  3 ms] [default] [rows:1  ] SELECT COUNT(1) FROM `order_info` WHERE (`status`=4) AND (updated_at <='2024-04-11 19:04:00')
2024-04-18 19:05:00.282 [DEBU] {90abf8bcf859c717aca9ff1cc2528e75} [  3 ms] [default] [rows:1  ] SELECT COUNT(1) FROM `order_info` WHERE (`status`=4) AND (updated_at <='2024-04-11 19:05:00')
2024-04-18 19:06:00.280 [DEBU] {90abf8bcf859c717aca9ff1cc2528e75} [  2 ms] [default] [rows:1  ] SELECT COUNT(1) FROM `order_info` WHERE (`status`=4) AND (updated_at <='2024-04-11 19:06:00')
2024-04-18 19:07:00.282 [DEBU] {90abf8bcf859c717aca9ff1cc2528e75} [  2 ms] [default] [rows:1  ] SELECT COUNT(1) FROM `order_info` WHERE (`status`=4) AND (updated_at <='2024-04-11 19:07:00')
2024-04-18 19:08:00.281 [DEBU] {90abf8bcf859c717aca9ff1cc2528e75} [  3 ms] [default] [rows:1  ] SELECT COUNT(1) FROM `order_info` WHERE (`status`=4) AND (updated_at <='2024-04-11 19:08:00')
2024-04-18 19:09:00.282 [DEBU] {90abf8bcf859c717aca9ff1cc2528e75} [  3 ms] [default] [rows:1  ] SELECT COUNT(1) FROM `order_info` WHERE (`status`=4) AND (updated_at <='2024-04-11 19:09:00')
2024-04-18 19:10:00.283 [DEBU] {90abf8bcf859c717aca9ff1cc2528e75} [  3 ms] [default] [rows:1  ] SELECT COUNT(1) FROM `order_info` WHERE (`status`=4) AND (updated_at <='2024-04-11 19:10:00')
2024-04-18 19:11:00.282 [DEBU] {90abf8bcf859c717aca9ff1cc2528e75} [  2 ms] [default] [rows:1  ] SELECT COUNT(1) FROM `order_info` WHERE (`status`=4) AND (updated_at <='2024-04-11 19:11:00')
2024-04-18 19:12:00.283 [DEBU] {90abf8bcf859c717aca9ff1cc2528e75} [  2 ms] [default] [rows:1  ] SELECT COUNT(1) FROM `order_info` WHERE (`status`=4) AND (updated_at <='2024-04-11 19:12:00')
2024-04-18 19:13:00.285 [DEBU] {90abf8bcf859c717aca9ff1cc2528e75} [  3 ms] [default] [rows:1  ] SELECT COUNT(1) FROM `order_info` WHERE (`status`=4) AND (updated_at <='2024-04-11 19:13:00')
2024-04-18 19:14:00.286 [DEBU] {90abf8bcf859c717aca9ff1cc2528e75} [  4 ms] [default] [rows:1  ] SELECT COUNT(1) FROM `order_info` WHERE (`status`=4) AND (updated_at <='2024-04-11 19:14:00')
2024-04-18 19:15:00.285 [DEBU] {90abf8bcf859c717aca9ff1cc2528e75} [  2 ms] [default] [rows:1  ] SELECT COUNT(1) FROM `order_info` WHERE (`status`=4) AND (updated_at <='2024-04-11 19:15:00')
2024-04-18 19:16:00.284 [DEBU] {90abf8bcf859c717aca9ff1cc2528e75} [  2 ms] [default] [rows:1  ] SELECT COUNT(1) FROM `order_info` WHERE (`status`=4) AND (updated_at <='2024-04-11 19:16:00')
2024-04-18 19:17:00.285 [DEBU] {90abf8bcf859c717aca9ff1cc2528e75} [  3 ms] [default] [rows:1  ] SELECT COUNT(1) FROM `order_info` WHERE (`status`=4) AND (updated_at <='2024-04-11 19:17:00')
2024-04-18 19:18:00.306 [DEBU] {90abf8bcf859c717aca9ff1cc2528e75} [  3 ms] [default] [rows:1  ] SELECT COUNT(1) FROM `order_info` WHERE (`status`=4) AND (updated_at <='2024-04-11 19:18:00')
2024-04-18 19:19:00.317 [DEBU] {90abf8bcf859c717aca9ff1cc2528e75} [  3 ms] [default] [rows:1  ] SELECT COUNT(1) FROM `order_info` WHERE (`status`=4) AND (updated_at <='2024-04-11 19:19:00')
2024-04-18 19:20:00.320 [DEBU] {90abf8bcf859c717aca9ff1cc2528e75} [  3 ms] [default] [rows:1  ] SELECT COUNT(1) FROM `order_info` WHERE (`status`=4) AND (updated_at <='2024-04-11 19:20:00')
2024-04-18 19:21:00.321 [DEBU] {90abf8bcf859c717aca9ff1cc2528e75} [  3 ms] [default] [rows:1  ] SELECT COUNT(1) FROM `order_info` WHERE (`status`=4) AND (updated_at <='2024-04-11 19:21:00')
2024-04-18 19:22:00.319 [DEBU] {90abf8bcf859c717aca9ff1cc2528e75} [  2 ms] [default] [rows:1  ] SELECT COUNT(1) FROM `order_info` WHERE (`status`=4) AND (updated_at <='2024-04-11 19:22:00')
2024-04-18 19:23:00.323 [DEBU] {90abf8bcf859c717aca9ff1cc2528e75} [  3 ms] [default] [rows:1  ] SELECT COUNT(1) FROM `order_info` WHERE (`status`=4) AND (updated_at <='2024-04-11 19:23:00')
2024-04-18 19:24:00.322 [DEBU] {90abf8bcf859c717aca9ff1cc2528e75} [  3 ms] [default] [rows:1  ] SELECT COUNT(1) FROM `order_info` WHERE (`status`=4) AND (updated_at <='2024-04-11 19:24:00')
2024-04-18 19:25:00.322 [DEBU] {90abf8bcf859c717aca9ff1cc2528e75} [  2 ms] [default] [rows:1  ] SELECT COUNT(1) FROM `order_info` WHERE (`status`=4) AND (updated_at <='2024-04-11 19:25:00')
2024-04-18 19:26:00.325 [DEBU] {90abf8bcf859c717aca9ff1cc2528e75} [  3 ms] [default] [rows:1  ] SELECT COUNT(1) FROM `order_info` WHERE (`status`=4) AND (updated_at <='2024-04-11 19:26:00')
2024-04-18 19:27:00.324 [DEBU] {90abf8bcf859c717aca9ff1cc2528e75} [  3 ms] [default] [rows:1  ] SELECT COUNT(1) FROM `order_info` WHERE (`status`=4) AND (updated_at <='2024-04-11 19:27:00')
2024-04-18 19:28:00.324 [DEBU] {90abf8bcf859c717aca9ff1cc2528e75} [  2 ms] [default] [rows:1  ] SELECT COUNT(1) FROM `order_info` WHERE (`status`=4) AND (updated_at <='2024-04-11 19:28:00')
2024-04-18 19:29:00.326 [DEBU] {90abf8bcf859c717aca9ff1cc2528e75} [  3 ms] [default] [rows:1  ] SELECT COUNT(1) FROM `order_info` WHERE (`status`=4) AND (updated_at <='2024-04-11 19:29:00')
2024-04-18 19:30:00.326 [DEBU] {90abf8bcf859c717aca9ff1cc2528e75} [  2 ms] [default] [rows:1  ] SELECT COUNT(1) FROM `order_info` WHERE (`status`=4) AND (updated_at <='2024-04-11 19:30:00')
2024-04-18 19:31:00.328 [DEBU] {90abf8bcf859c717aca9ff1cc2528e75} [  3 ms] [default] [rows:1  ] SELECT COUNT(1) FROM `order_info` WHERE (`status`=4) AND (updated_at <='2024-04-11 19:31:00')
2024-04-18 19:32:00.329 [DEBU] {90abf8bcf859c717aca9ff1cc2528e75} [  3 ms] [default] [rows:1  ] SELECT COUNT(1) FROM `order_info` WHERE (`status`=4) AND (updated_at <='2024-04-11 19:32:00')
2024-04-18 19:33:00.329 [DEBU] {90abf8bcf859c717aca9ff1cc2528e75} [  1 ms] [default] [rows:1  ] SELECT COUNT(1) FROM `order_info` WHERE (`status`=4) AND (updated_at <='2024-04-11 19:33:00')
2024-04-18 19:34:00.297 [DEBU] {90abf8bcf859c717aca9ff1cc2528e75} [  1 ms] [default] [rows:1  ] SELECT COUNT(1) FROM `order_info` WHERE (`status`=4) AND (updated_at <='2024-04-11 19:34:00')
2024-04-18 19:35:00.298 [DEBU] {90abf8bcf859c717aca9ff1cc2528e75} [  2 ms] [default] [rows:1  ] SELECT COUNT(1) FROM `order_info` WHERE (`status`=4) AND (updated_at <='2024-04-11 19:35:00')
2024-04-18 19:36:00.299 [DEBU] {90abf8bcf859c717aca9ff1cc2528e75} [  2 ms] [default] [rows:1  ] SELECT COUNT(1) FROM `order_info` WHERE (`status`=4) AND (updated_at <='2024-04-11 19:36:00')
2024-04-18 19:37:00.299 [DEBU] {90abf8bcf859c717aca9ff1cc2528e75} [  2 ms] [default] [rows:1  ] SELECT COUNT(1) FROM `order_info` WHERE (`status`=4) AND (updated_at <='2024-04-11 19:37:00')
2024-04-18 19:38:00.300 [DEBU] {90abf8bcf859c717aca9ff1cc2528e75} [  2 ms] [default] [rows:1  ] SELECT COUNT(1) FROM `order_info` WHERE (`status`=4) AND (updated_at <='2024-04-11 19:38:00')
2024-04-18 19:39:00.304 [DEBU] {90abf8bcf859c717aca9ff1cc2528e75} [  3 ms] [default] [rows:1  ] SELECT COUNT(1) FROM `order_info` WHERE (`status`=4) AND (updated_at <='2024-04-11 19:39:00')
2024-04-18 19:40:00.303 [DEBU] {90abf8bcf859c717aca9ff1cc2528e75} [  3 ms] [default] [rows:1  ] SELECT COUNT(1) FROM `order_info` WHERE (`status`=4) AND (updated_at <='2024-04-11 19:40:00')
2024-04-18 19:41:00.303 [DEBU] {90abf8bcf859c717aca9ff1cc2528e75} [  2 ms] [default] [rows:1  ] SELECT COUNT(1) FROM `order_info` WHERE (`status`=4) AND (updated_at <='2024-04-11 19:41:00')
2024-04-18 19:42:00.305 [DEBU] {90abf8bcf859c717aca9ff1cc2528e75} [  3 ms] [default] [rows:1  ] SELECT COUNT(1) FROM `order_info` WHERE (`status`=4) AND (updated_at <='2024-04-11 19:42:00')
2024-04-18 19:43:00.306 [DEBU] {90abf8bcf859c717aca9ff1cc2528e75} [  3 ms] [default] [rows:1  ] SELECT COUNT(1) FROM `order_info` WHERE (`status`=4) AND (updated_at <='2024-04-11 19:43:00')
2024-04-18 19:44:00.308 [DEBU] {90abf8bcf859c717aca9ff1cc2528e75} [  4 ms] [default] [rows:1  ] SELECT COUNT(1) FROM `order_info` WHERE (`status`=4) AND (updated_at <='2024-04-11 19:44:00')
2024-04-18 19:45:00.306 [DEBU] {90abf8bcf859c717aca9ff1cc2528e75} [  3 ms] [default] [rows:1  ] SELECT COUNT(1) FROM `order_info` WHERE (`status`=4) AND (updated_at <='2024-04-11 19:45:00')
2024-04-18 19:46:00.307 [DEBU] {90abf8bcf859c717aca9ff1cc2528e75} [  3 ms] [default] [rows:1  ] SELECT COUNT(1) FROM `order_info` WHERE (`status`=4) AND (updated_at <='2024-04-11 19:46:00')
2024-04-18 19:47:00.308 [DEBU] {90abf8bcf859c717aca9ff1cc2528e75} [  3 ms] [default] [rows:1  ] SELECT COUNT(1) FROM `order_info` WHERE (`status`=4) AND (updated_at <='2024-04-11 19:47:00')
2024-04-18 19:48:00.309 [DEBU] {90abf8bcf859c717aca9ff1cc2528e75} [  2 ms] [default] [rows:1  ] SELECT COUNT(1) FROM `order_info` WHERE (`status`=4) AND (updated_at <='2024-04-11 19:48:00')
2024-04-18 19:49:00.289 [DEBU] {90abf8bcf859c717aca9ff1cc2528e75} [  3 ms] [default] [rows:1  ] SELECT COUNT(1) FROM `order_info` WHERE (`status`=4) AND (updated_at <='2024-04-11 19:49:00')
2024-04-18 19:50:00.288 [DEBU] {90abf8bcf859c717aca9ff1cc2528e75} [  2 ms] [default] [rows:1  ] SELECT COUNT(1) FROM `order_info` WHERE (`status`=4) AND (updated_at <='2024-04-11 19:50:00')
2024-04-18 19:51:00.287 [DEBU] {90abf8bcf859c717aca9ff1cc2528e75} [  2 ms] [default] [rows:1  ] SELECT COUNT(1) FROM `order_info` WHERE (`status`=4) AND (updated_at <='2024-04-11 19:51:00')
2024-04-18 19:52:00.289 [DEBU] {90abf8bcf859c717aca9ff1cc2528e75} [  3 ms] [default] [rows:1  ] SELECT COUNT(1) FROM `order_info` WHERE (`status`=4) AND (updated_at <='2024-04-11 19:52:00')
2024-04-18 19:53:00.289 [DEBU] {90abf8bcf859c717aca9ff1cc2528e75} [  3 ms] [default] [rows:1  ] SELECT COUNT(1) FROM `order_info` WHERE (`status`=4) AND (updated_at <='2024-04-11 19:53:00')
2024-04-18 19:54:00.289 [DEBU] {90abf8bcf859c717aca9ff1cc2528e75} [  2 ms] [default] [rows:1  ] SELECT COUNT(1) FROM `order_info` WHERE (`status`=4) AND (updated_at <='2024-04-11 19:54:00')
2024-04-18 19:55:00.290 [DEBU] {90abf8bcf859c717aca9ff1cc2528e75} [  2 ms] [default] [rows:1  ] SELECT COUNT(1) FROM `order_info` WHERE (`status`=4) AND (updated_at <='2024-04-11 19:55:00')
2024-04-18 19:56:00.293 [DEBU] {90abf8bcf859c717aca9ff1cc2528e75} [  3 ms] [default] [rows:1  ] SELECT COUNT(1) FROM `order_info` WHERE (`status`=4) AND (updated_at <='2024-04-11 19:56:00')
2024-04-18 19:57:00.292 [DEBU] {90abf8bcf859c717aca9ff1cc2528e75} [  2 ms] [default] [rows:1  ] SELECT COUNT(1) FROM `order_info` WHERE (`status`=4) AND (updated_at <='2024-04-11 19:57:00')
2024-04-18 19:58:00.292 [DEBU] {90abf8bcf859c717aca9ff1cc2528e75} [  2 ms] [default] [rows:1  ] SELECT COUNT(1) FROM `order_info` WHERE (`status`=4) AND (updated_at <='2024-04-11 19:58:00')
2024-04-18 19:59:00.294 [DEBU] {90abf8bcf859c717aca9ff1cc2528e75} [  3 ms] [default] [rows:1  ] SELECT COUNT(1) FROM `order_info` WHERE (`status`=4) AND (updated_at <='2024-04-11 19:59:00')
2024-04-18 20:00:00.296 [DEBU] {90abf8bcf859c717aca9ff1cc2528e75} [  2 ms] [default] [rows:1  ] SELECT COUNT(1) FROM `order_info` WHERE (`status`=4) AND (updated_at <='2024-04-11 20:00:00')
2024-04-18 20:01:00.296 [DEBU] {90abf8bcf859c717aca9ff1cc2528e75} [  3 ms] [default] [rows:1  ] SELECT COUNT(1) FROM `order_info` WHERE (`status`=4) AND (updated_at <='2024-04-11 20:01:00')
2024-04-18 20:02:00.297 [DEBU] {90abf8bcf859c717aca9ff1cc2528e75} [  3 ms] [default] [rows:1  ] SELECT COUNT(1) FROM `order_info` WHERE (`status`=4) AND (updated_at <='2024-04-11 20:02:00')
2024-04-18 20:03:00.298 [DEBU] {90abf8bcf859c717aca9ff1cc2528e75} [  3 ms] [default] [rows:1  ] SELECT COUNT(1) FROM `order_info` WHERE (`status`=4) AND (updated_at <='2024-04-11 20:03:00')
2024-04-18 20:04:00.312 [DEBU] {90abf8bcf859c717aca9ff1cc2528e75} [  3 ms] [default] [rows:1  ] SELECT COUNT(1) FROM `order_info` WHERE (`status`=4) AND (updated_at <='2024-04-11 20:04:00')
2024-04-18 20:05:00.329 [DEBU] {90abf8bcf859c717aca9ff1cc2528e75} [  3 ms] [default] [rows:1  ] SELECT COUNT(1) FROM `order_info` WHERE (`status`=4) AND (updated_at <='2024-04-11 20:05:00')
2024-04-18 20:06:00.330 [DEBU] {90abf8bcf859c717aca9ff1cc2528e75} [  2 ms] [default] [rows:1  ] SELECT COUNT(1) FROM `order_info` WHERE (`status`=4) AND (updated_at <='2024-04-11 20:06:00')
2024-04-18 20:07:00.333 [DEBU] {90abf8bcf859c717aca9ff1cc2528e75} [  3 ms] [default] [rows:1  ] SELECT COUNT(1) FROM `order_info` WHERE (`status`=4) AND (updated_at <='2024-04-11 20:07:00')
2024-04-18 20:08:00.333 [DEBU] {90abf8bcf859c717aca9ff1cc2528e75} [  2 ms] [default] [rows:1  ] SELECT COUNT(1) FROM `order_info` WHERE (`status`=4) AND (updated_at <='2024-04-11 20:08:00')
2024-04-18 20:09:00.334 [DEBU] {90abf8bcf859c717aca9ff1cc2528e75} [  2 ms] [default] [rows:1  ] SELECT COUNT(1) FROM `order_info` WHERE (`status`=4) AND (updated_at <='2024-04-11 20:09:00')
2024-04-18 20:10:00.338 [DEBU] {90abf8bcf859c717aca9ff1cc2528e75} [  3 ms] [default] [rows:1  ] SELECT COUNT(1) FROM `order_info` WHERE (`status`=4) AND (updated_at <='2024-04-11 20:10:00')
2024-04-18 20:11:00.338 [DEBU] {90abf8bcf859c717aca9ff1cc2528e75} [  3 ms] [default] [rows:1  ] SELECT COUNT(1) FROM `order_info` WHERE (`status`=4) AND (updated_at <='2024-04-11 20:11:00')
2024-04-18 20:12:00.340 [DEBU] {90abf8bcf859c717aca9ff1cc2528e75} [  2 ms] [default] [rows:1  ] SELECT COUNT(1) FROM `order_info` WHERE (`status`=4) AND (updated_at <='2024-04-11 20:12:00')
2024-04-18 20:13:00.339 [DEBU] {90abf8bcf859c717aca9ff1cc2528e75} [  2 ms] [default] [rows:1  ] SELECT COUNT(1) FROM `order_info` WHERE (`status`=4) AND (updated_at <='2024-04-11 20:13:00')
2024-04-18 20:14:00.342 [DEBU] {90abf8bcf859c717aca9ff1cc2528e75} [  2 ms] [default] [rows:1  ] SELECT COUNT(1) FROM `order_info` WHERE (`status`=4) AND (updated_at <='2024-04-11 20:14:00')
2024-04-18 20:15:00.343 [DEBU] {90abf8bcf859c717aca9ff1cc2528e75} [  2 ms] [default] [rows:1  ] SELECT COUNT(1) FROM `order_info` WHERE (`status`=4) AND (updated_at <='2024-04-11 20:15:00')
2024-04-18 20:16:00.345 [DEBU] {90abf8bcf859c717aca9ff1cc2528e75} [  2 ms] [default] [rows:1  ] SELECT COUNT(1) FROM `order_info` WHERE (`status`=4) AND (updated_at <='2024-04-11 20:16:00')
2024-04-18 20:17:00.346 [DEBU] {90abf8bcf859c717aca9ff1cc2528e75} [  3 ms] [default] [rows:1  ] SELECT COUNT(1) FROM `order_info` WHERE (`status`=4) AND (updated_at <='2024-04-11 20:17:00')
2024-04-18 20:18:00.347 [DEBU] {90abf8bcf859c717aca9ff1cc2528e75} [  2 ms] [default] [rows:1  ] SELECT COUNT(1) FROM `order_info` WHERE (`status`=4) AND (updated_at <='2024-04-11 20:18:00')
2024-04-18 20:19:00.348 [DEBU] {90abf8bcf859c717aca9ff1cc2528e75} [  2 ms] [default] [rows:1  ] SELECT COUNT(1) FROM `order_info` WHERE (`status`=4) AND (updated_at <='2024-04-11 20:19:00')
2024-04-18 20:20:00.349 [DEBU] {90abf8bcf859c717aca9ff1cc2528e75} [  3 ms] [default] [rows:1  ] SELECT COUNT(1) FROM `order_info` WHERE (`status`=4) AND (updated_at <='2024-04-11 20:20:00')
2024-04-18 20:21:00.351 [DEBU] {90abf8bcf859c717aca9ff1cc2528e75} [  3 ms] [default] [rows:1  ] SELECT COUNT(1) FROM `order_info` WHERE (`status`=4) AND (updated_at <='2024-04-11 20:21:00')
2024-04-18 20:22:00.351 [DEBU] {90abf8bcf859c717aca9ff1cc2528e75} [  3 ms] [default] [rows:1  ] SELECT COUNT(1) FROM `order_info` WHERE (`status`=4) AND (updated_at <='2024-04-11 20:22:00')
2024-04-18 20:23:00.353 [DEBU] {90abf8bcf859c717aca9ff1cc2528e75} [  3 ms] [default] [rows:1  ] SELECT COUNT(1) FROM `order_info` WHERE (`status`=4) AND (updated_at <='2024-04-11 20:23:00')
2024-04-18 20:24:00.353 [DEBU] {90abf8bcf859c717aca9ff1cc2528e75} [  2 ms] [default] [rows:1  ] SELECT COUNT(1) FROM `order_info` WHERE (`status`=4) AND (updated_at <='2024-04-11 20:24:00')
2024-04-18 20:25:00.356 [DEBU] {90abf8bcf859c717aca9ff1cc2528e75} [  2 ms] [default] [rows:1  ] SELECT COUNT(1) FROM `order_info` WHERE (`status`=4) AND (updated_at <='2024-04-11 20:25:00')
2024-04-18 20:26:00.358 [DEBU] {90abf8bcf859c717aca9ff1cc2528e75} [  2 ms] [default] [rows:1  ] SELECT COUNT(1) FROM `order_info` WHERE (`status`=4) AND (updated_at <='2024-04-11 20:26:00')
2024-04-18 20:27:00.361 [DEBU] {90abf8bcf859c717aca9ff1cc2528e75} [  3 ms] [default] [rows:1  ] SELECT COUNT(1) FROM `order_info` WHERE (`status`=4) AND (updated_at <='2024-04-11 20:27:00')
2024-04-18 20:28:00.360 [DEBU] {90abf8bcf859c717aca9ff1cc2528e75} [  2 ms] [default] [rows:1  ] SELECT COUNT(1) FROM `order_info` WHERE (`status`=4) AND (updated_at <='2024-04-11 20:28:00')
2024-04-18 20:29:00.362 [DEBU] {90abf8bcf859c717aca9ff1cc2528e75} [  2 ms] [default] [rows:1  ] SELECT COUNT(1) FROM `order_info` WHERE (`status`=4) AND (updated_at <='2024-04-11 20:29:00')
2024-04-18 20:30:00.363 [DEBU] {90abf8bcf859c717aca9ff1cc2528e75} [  3 ms] [default] [rows:1  ] SELECT COUNT(1) FROM `order_info` WHERE (`status`=4) AND (updated_at <='2024-04-11 20:30:00')
2024-04-18 20:31:00.364 [DEBU] {90abf8bcf859c717aca9ff1cc2528e75} [  2 ms] [default] [rows:1  ] SELECT COUNT(1) FROM `order_info` WHERE (`status`=4) AND (updated_at <='2024-04-11 20:31:00')
2024-04-18 20:32:00.368 [DEBU] {90abf8bcf859c717aca9ff1cc2528e75} [  2 ms] [default] [rows:1  ] SELECT COUNT(1) FROM `order_info` WHERE (`status`=4) AND (updated_at <='2024-04-11 20:32:00')
2024-04-18 20:33:00.369 [DEBU] {90abf8bcf859c717aca9ff1cc2528e75} [  2 ms] [default] [rows:1  ] SELECT COUNT(1) FROM `order_info` WHERE (`status`=4) AND (updated_at <='2024-04-11 20:33:00')
2024-04-18 20:34:00.370 [DEBU] {90abf8bcf859c717aca9ff1cc2528e75} [  2 ms] [default] [rows:1  ] SELECT COUNT(1) FROM `order_info` WHERE (`status`=4) AND (updated_at <='2024-04-11 20:34:00')
2024-04-18 20:35:00.371 [DEBU] {90abf8bcf859c717aca9ff1cc2528e75} [  2 ms] [default] [rows:1  ] SELECT COUNT(1) FROM `order_info` WHERE (`status`=4) AND (updated_at <='2024-04-11 20:35:00')
2024-04-18 20:36:00.334 [DEBU] {90abf8bcf859c717aca9ff1cc2528e75} [  3 ms] [default] [rows:1  ] SELECT COUNT(1) FROM `order_info` WHERE (`status`=4) AND (updated_at <='2024-04-11 20:36:00')
2024-04-18 20:37:00.335 [DEBU] {90abf8bcf859c717aca9ff1cc2528e75} [  3 ms] [default] [rows:1  ] SELECT COUNT(1) FROM `order_info` WHERE (`status`=4) AND (updated_at <='2024-04-11 20:37:00')
2024-04-18 20:38:00.335 [DEBU] {90abf8bcf859c717aca9ff1cc2528e75} [  2 ms] [default] [rows:1  ] SELECT COUNT(1) FROM `order_info` WHERE (`status`=4) AND (updated_at <='2024-04-11 20:38:00')
2024-04-18 20:39:00.338 [DEBU] {90abf8bcf859c717aca9ff1cc2528e75} [  3 ms] [default] [rows:1  ] SELECT COUNT(1) FROM `order_info` WHERE (`status`=4) AND (updated_at <='2024-04-11 20:39:00')
2024-04-18 20:40:00.338 [DEBU] {90abf8bcf859c717aca9ff1cc2528e75} [  3 ms] [default] [rows:1  ] SELECT COUNT(1) FROM `order_info` WHERE (`status`=4) AND (updated_at <='2024-04-11 20:40:00')
2024-04-18 20:41:00.339 [DEBU] {90abf8bcf859c717aca9ff1cc2528e75} [  3 ms] [default] [rows:1  ] SELECT COUNT(1) FROM `order_info` WHERE (`status`=4) AND (updated_at <='2024-04-11 20:41:00')
2024-04-18 20:42:00.341 [DEBU] {90abf8bcf859c717aca9ff1cc2528e75} [  3 ms] [default] [rows:1  ] SELECT COUNT(1) FROM `order_info` WHERE (`status`=4) AND (updated_at <='2024-04-11 20:42:00')
2024-04-18 20:43:00.341 [DEBU] {90abf8bcf859c717aca9ff1cc2528e75} [  2 ms] [default] [rows:1  ] SELECT COUNT(1) FROM `order_info` WHERE (`status`=4) AND (updated_at <='2024-04-11 20:43:00')
2024-04-18 20:44:00.343 [DEBU] {90abf8bcf859c717aca9ff1cc2528e75} [  2 ms] [default] [rows:1  ] SELECT COUNT(1) FROM `order_info` WHERE (`status`=4) AND (updated_at <='2024-04-11 20:44:00')
2024-04-18 20:45:00.345 [DEBU] {90abf8bcf859c717aca9ff1cc2528e75} [  2 ms] [default] [rows:1  ] SELECT COUNT(1) FROM `order_info` WHERE (`status`=4) AND (updated_at <='2024-04-11 20:45:00')
2024-04-18 20:46:00.346 [DEBU] {90abf8bcf859c717aca9ff1cc2528e75} [  3 ms] [default] [rows:1  ] SELECT COUNT(1) FROM `order_info` WHERE (`status`=4) AND (updated_at <='2024-04-11 20:46:00')
2024-04-18 20:47:00.349 [DEBU] {90abf8bcf859c717aca9ff1cc2528e75} [  4 ms] [default] [rows:1  ] SELECT COUNT(1) FROM `order_info` WHERE (`status`=4) AND (updated_at <='2024-04-11 20:47:00')
2024-04-18 20:48:00.350 [DEBU] {90abf8bcf859c717aca9ff1cc2528e75} [  4 ms] [default] [rows:1  ] SELECT COUNT(1) FROM `order_info` WHERE (`status`=4) AND (updated_at <='2024-04-11 20:48:00')
2024-04-18 20:49:00.349 [DEBU] {90abf8bcf859c717aca9ff1cc2528e75} [  2 ms] [default] [rows:1  ] SELECT COUNT(1) FROM `order_info` WHERE (`status`=4) AND (updated_at <='2024-04-11 20:49:00')
2024-04-18 20:50:00.352 [DEBU] {90abf8bcf859c717aca9ff1cc2528e75} [  3 ms] [default] [rows:1  ] SELECT COUNT(1) FROM `order_info` WHERE (`status`=4) AND (updated_at <='2024-04-11 20:50:00')
2024-04-18 20:51:00.348 [DEBU] {90abf8bcf859c717aca9ff1cc2528e75} [  3 ms] [default] [rows:1  ] SELECT COUNT(1) FROM `order_info` WHERE (`status`=4) AND (updated_at <='2024-04-11 20:51:00')
2024-04-18 20:52:00.343 [DEBU] {90abf8bcf859c717aca9ff1cc2528e75} [  3 ms] [default] [rows:1  ] SELECT COUNT(1) FROM `order_info` WHERE (`status`=4) AND (updated_at <='2024-04-11 20:52:00')
2024-04-18 20:53:00.345 [DEBU] {90abf8bcf859c717aca9ff1cc2528e75} [  3 ms] [default] [rows:1  ] SELECT COUNT(1) FROM `order_info` WHERE (`status`=4) AND (updated_at <='2024-04-11 20:53:00')
2024-04-18 20:54:00.346 [DEBU] {90abf8bcf859c717aca9ff1cc2528e75} [  3 ms] [default] [rows:1  ] SELECT COUNT(1) FROM `order_info` WHERE (`status`=4) AND (updated_at <='2024-04-11 20:54:00')
2024-04-18 20:55:00.347 [DEBU] {90abf8bcf859c717aca9ff1cc2528e75} [  2 ms] [default] [rows:1  ] SELECT COUNT(1) FROM `order_info` WHERE (`status`=4) AND (updated_at <='2024-04-11 20:55:00')
2024-04-18 20:56:00.350 [DEBU] {90abf8bcf859c717aca9ff1cc2528e75} [  4 ms] [default] [rows:1  ] SELECT COUNT(1) FROM `order_info` WHERE (`status`=4) AND (updated_at <='2024-04-11 20:56:00')
2024-04-18 20:57:00.350 [DEBU] {90abf8bcf859c717aca9ff1cc2528e75} [  2 ms] [default] [rows:1  ] SELECT COUNT(1) FROM `order_info` WHERE (`status`=4) AND (updated_at <='2024-04-11 20:57:00')
2024-04-18 20:58:00.352 [DEBU] {90abf8bcf859c717aca9ff1cc2528e75} [  3 ms] [default] [rows:1  ] SELECT COUNT(1) FROM `order_info` WHERE (`status`=4) AND (updated_at <='2024-04-11 20:58:00')
2024-04-18 20:59:00.353 [DEBU] {90abf8bcf859c717aca9ff1cc2528e75} [  2 ms] [default] [rows:1  ] SELECT COUNT(1) FROM `order_info` WHERE (`status`=4) AND (updated_at <='2024-04-11 20:59:00')
2024-04-18 21:00:00.356 [DEBU] {90abf8bcf859c717aca9ff1cc2528e75} [  3 ms] [default] [rows:1  ] SELECT COUNT(1) FROM `order_info` WHERE (`status`=4) AND (updated_at <='2024-04-11 21:00:00')
2024-04-18 21:01:00.357 [DEBU] {90abf8bcf859c717aca9ff1cc2528e75} [  3 ms] [default] [rows:1  ] SELECT COUNT(1) FROM `order_info` WHERE (`status`=4) AND (updated_at <='2024-04-11 21:01:00')
2024-04-18 21:02:00.359 [DEBU] {90abf8bcf859c717aca9ff1cc2528e75} [  3 ms] [default] [rows:1  ] SELECT COUNT(1) FROM `order_info` WHERE (`status`=4) AND (updated_at <='2024-04-11 21:02:00')
2024-04-18 21:03:00.360 [DEBU] {90abf8bcf859c717aca9ff1cc2528e75} [  3 ms] [default] [rows:1  ] SELECT COUNT(1) FROM `order_info` WHERE (`status`=4) AND (updated_at <='2024-04-11 21:03:00')
2024-04-18 21:04:00.361 [DEBU] {90abf8bcf859c717aca9ff1cc2528e75} [  2 ms] [default] [rows:1  ] SELECT COUNT(1) FROM `order_info` WHERE (`status`=4) AND (updated_at <='2024-04-11 21:04:00')
2024-04-18 21:05:00.363 [DEBU] {90abf8bcf859c717aca9ff1cc2528e75} [  2 ms] [default] [rows:1  ] SELECT COUNT(1) FROM `order_info` WHERE (`status`=4) AND (updated_at <='2024-04-11 21:05:00')
2024-04-18 21:06:00.364 [DEBU] {90abf8bcf859c717aca9ff1cc2528e75} [  2 ms] [default] [rows:1  ] SELECT COUNT(1) FROM `order_info` WHERE (`status`=4) AND (updated_at <='2024-04-11 21:06:00')
2024-04-18 21:07:00.344 [DEBU] {90abf8bcf859c717aca9ff1cc2528e75} [  2 ms] [default] [rows:1  ] SELECT COUNT(1) FROM `order_info` WHERE (`status`=4) AND (updated_at <='2024-04-11 21:07:00')
2024-04-18 21:08:00.344 [DEBU] {90abf8bcf859c717aca9ff1cc2528e75} [  2 ms] [default] [rows:1  ] SELECT COUNT(1) FROM `order_info` WHERE (`status`=4) AND (updated_at <='2024-04-11 21:08:00')
2024-04-18 21:09:00.347 [DEBU] {90abf8bcf859c717aca9ff1cc2528e75} [  3 ms] [default] [rows:1  ] SELECT COUNT(1) FROM `order_info` WHERE (`status`=4) AND (updated_at <='2024-04-11 21:09:00')
2024-04-18 21:10:00.348 [DEBU] {90abf8bcf859c717aca9ff1cc2528e75} [  2 ms] [default] [rows:1  ] SELECT COUNT(1) FROM `order_info` WHERE (`status`=4) AND (updated_at <='2024-04-11 21:10:00')
2024-04-18 21:11:00.351 [DEBU] {90abf8bcf859c717aca9ff1cc2528e75} [  4 ms] [default] [rows:1  ] SELECT COUNT(1) FROM `order_info` WHERE (`status`=4) AND (updated_at <='2024-04-11 21:11:00')
2024-04-18 21:12:00.352 [DEBU] {90abf8bcf859c717aca9ff1cc2528e75} [  3 ms] [default] [rows:1  ] SELECT COUNT(1) FROM `order_info` WHERE (`status`=4) AND (updated_at <='2024-04-11 21:12:00')
2024-04-18 21:13:00.352 [DEBU] {90abf8bcf859c717aca9ff1cc2528e75} [  2 ms] [default] [rows:1  ] SELECT COUNT(1) FROM `order_info` WHERE (`status`=4) AND (updated_at <='2024-04-11 21:13:00')
2024-04-18 21:14:00.353 [DEBU] {90abf8bcf859c717aca9ff1cc2528e75} [  2 ms] [default] [rows:1  ] SELECT COUNT(1) FROM `order_info` WHERE (`status`=4) AND (updated_at <='2024-04-11 21:14:00')
2024-04-18 21:15:00.357 [DEBU] {90abf8bcf859c717aca9ff1cc2528e75} [  3 ms] [default] [rows:1  ] SELECT COUNT(1) FROM `order_info` WHERE (`status`=4) AND (updated_at <='2024-04-11 21:15:00')
2024-04-18 21:16:00.358 [DEBU] {90abf8bcf859c717aca9ff1cc2528e75} [  3 ms] [default] [rows:1  ] SELECT COUNT(1) FROM `order_info` WHERE (`status`=4) AND (updated_at <='2024-04-11 21:16:00')
2024-04-18 21:17:00.359 [DEBU] {90abf8bcf859c717aca9ff1cc2528e75} [  2 ms] [default] [rows:1  ] SELECT COUNT(1) FROM `order_info` WHERE (`status`=4) AND (updated_at <='2024-04-11 21:17:00')
2024-04-18 21:18:00.361 [DEBU] {90abf8bcf859c717aca9ff1cc2528e75} [  2 ms] [default] [rows:1  ] SELECT COUNT(1) FROM `order_info` WHERE (`status`=4) AND (updated_at <='2024-04-11 21:18:00')
2024-04-18 21:19:00.362 [DEBU] {90abf8bcf859c717aca9ff1cc2528e75} [  2 ms] [default] [rows:1  ] SELECT COUNT(1) FROM `order_info` WHERE (`status`=4) AND (updated_at <='2024-04-11 21:19:00')
2024-04-18 21:20:00.365 [DEBU] {90abf8bcf859c717aca9ff1cc2528e75} [  3 ms] [default] [rows:1  ] SELECT COUNT(1) FROM `order_info` WHERE (`status`=4) AND (updated_at <='2024-04-11 21:20:00')
2024-04-18 21:21:00.367 [DEBU] {90abf8bcf859c717aca9ff1cc2528e75} [  4 ms] [default] [rows:1  ] SELECT COUNT(1) FROM `order_info` WHERE (`status`=4) AND (updated_at <='2024-04-11 21:21:00')
2024-04-18 21:22:00.294 [DEBU] {90abf8bcf859c717aca9ff1cc2528e75} [  3 ms] [default] [rows:1  ] SELECT COUNT(1) FROM `order_info` WHERE (`status`=4) AND (updated_at <='2024-04-11 21:22:00')
2024-04-18 21:23:00.296 [DEBU] {90abf8bcf859c717aca9ff1cc2528e75} [  4 ms] [default] [rows:1  ] SELECT COUNT(1) FROM `order_info` WHERE (`status`=4) AND (updated_at <='2024-04-11 21:23:00')
2024-04-18 21:24:00.297 [DEBU] {90abf8bcf859c717aca9ff1cc2528e75} [  3 ms] [default] [rows:1  ] SELECT COUNT(1) FROM `order_info` WHERE (`status`=4) AND (updated_at <='2024-04-11 21:24:00')
2024-04-18 21:25:00.297 [DEBU] {90abf8bcf859c717aca9ff1cc2528e75} [  2 ms] [default] [rows:1  ] SELECT COUNT(1) FROM `order_info` WHERE (`status`=4) AND (updated_at <='2024-04-11 21:25:00')
2024-04-18 21:26:00.296 [DEBU] {90abf8bcf859c717aca9ff1cc2528e75} [  1 ms] [default] [rows:1  ] SELECT COUNT(1) FROM `order_info` WHERE (`status`=4) AND (updated_at <='2024-04-11 21:26:00')
2024-04-18 21:27:00.297 [DEBU] {90abf8bcf859c717aca9ff1cc2528e75} [  1 ms] [default] [rows:1  ] SELECT COUNT(1) FROM `order_info` WHERE (`status`=4) AND (updated_at <='2024-04-11 21:27:00')
2024-04-18 21:28:00.301 [DEBU] {90abf8bcf859c717aca9ff1cc2528e75} [  4 ms] [default] [rows:1  ] SELECT COUNT(1) FROM `order_info` WHERE (`status`=4) AND (updated_at <='2024-04-11 21:28:00')
2024-04-18 21:29:00.301 [DEBU] {90abf8bcf859c717aca9ff1cc2528e75} [  3 ms] [default] [rows:1  ] SELECT COUNT(1) FROM `order_info` WHERE (`status`=4) AND (updated_at <='2024-04-11 21:29:00')
2024-04-18 21:30:00.303 [DEBU] {90abf8bcf859c717aca9ff1cc2528e75} [  4 ms] [default] [rows:1  ] SELECT COUNT(1) FROM `order_info` WHERE (`status`=4) AND (updated_at <='2024-04-11 21:30:00')
2024-04-18 21:31:00.303 [DEBU] {90abf8bcf859c717aca9ff1cc2528e75} [  3 ms] [default] [rows:1  ] SELECT COUNT(1) FROM `order_info` WHERE (`status`=4) AND (updated_at <='2024-04-11 21:31:00')
2024-04-18 21:32:00.304 [DEBU] {90abf8bcf859c717aca9ff1cc2528e75} [  4 ms] [default] [rows:1  ] SELECT COUNT(1) FROM `order_info` WHERE (`status`=4) AND (updated_at <='2024-04-11 21:32:00')
2024-04-18 21:33:00.303 [DEBU] {90abf8bcf859c717aca9ff1cc2528e75} [  1 ms] [default] [rows:1  ] SELECT COUNT(1) FROM `order_info` WHERE (`status`=4) AND (updated_at <='2024-04-11 21:33:00')
2024-04-18 21:34:00.304 [DEBU] {90abf8bcf859c717aca9ff1cc2528e75} [  1 ms] [default] [rows:1  ] SELECT COUNT(1) FROM `order_info` WHERE (`status`=4) AND (updated_at <='2024-04-11 21:34:00')
2024-04-18 21:35:00.306 [DEBU] {90abf8bcf859c717aca9ff1cc2528e75} [  3 ms] [default] [rows:1  ] SELECT COUNT(1) FROM `order_info` WHERE (`status`=4) AND (updated_at <='2024-04-11 21:35:00')
2024-04-18 21:36:00.306 [DEBU] {90abf8bcf859c717aca9ff1cc2528e75} [  2 ms] [default] [rows:1  ] SELECT COUNT(1) FROM `order_info` WHERE (`status`=4) AND (updated_at <='2024-04-11 21:36:00')
2024-04-18 21:37:00.288 [DEBU] {90abf8bcf859c717aca9ff1cc2528e75} [  4 ms] [default] [rows:1  ] SELECT COUNT(1) FROM `order_info` WHERE (`status`=4) AND (updated_at <='2024-04-11 21:37:00')
2024-04-18 21:38:00.273 [DEBU] {90abf8bcf859c717aca9ff1cc2528e75} [  4 ms] [default] [rows:1  ] SELECT COUNT(1) FROM `order_info` WHERE (`status`=4) AND (updated_at <='2024-04-11 21:38:00')
2024-04-18 21:39:00.271 [DEBU] {90abf8bcf859c717aca9ff1cc2528e75} [  1 ms] [default] [rows:1  ] SELECT COUNT(1) FROM `order_info` WHERE (`status`=4) AND (updated_at <='2024-04-11 21:39:00')
2024-04-18 21:40:00.272 [DEBU] {90abf8bcf859c717aca9ff1cc2528e75} [  2 ms] [default] [rows:1  ] SELECT COUNT(1) FROM `order_info` WHERE (`status`=4) AND (updated_at <='2024-04-11 21:40:00')
2024-04-18 21:41:00.272 [DEBU] {90abf8bcf859c717aca9ff1cc2528e75} [  1 ms] [default] [rows:1  ] SELECT COUNT(1) FROM `order_info` WHERE (`status`=4) AND (updated_at <='2024-04-11 21:41:00')
2024-04-18 21:42:00.272 [DEBU] {90abf8bcf859c717aca9ff1cc2528e75} [  1 ms] [default] [rows:1  ] SELECT COUNT(1) FROM `order_info` WHERE (`status`=4) AND (updated_at <='2024-04-11 21:42:00')
2024-04-18 21:43:00.277 [DEBU] {90abf8bcf859c717aca9ff1cc2528e75} [  4 ms] [default] [rows:1  ] SELECT COUNT(1) FROM `order_info` WHERE (`status`=4) AND (updated_at <='2024-04-11 21:43:00')
2024-04-18 21:44:00.278 [DEBU] {90abf8bcf859c717aca9ff1cc2528e75} [  4 ms] [default] [rows:1  ] SELECT COUNT(1) FROM `order_info` WHERE (`status`=4) AND (updated_at <='2024-04-11 21:44:00')
2024-04-18 21:45:00.278 [DEBU] {90abf8bcf859c717aca9ff1cc2528e75} [  3 ms] [default] [rows:1  ] SELECT COUNT(1) FROM `order_info` WHERE (`status`=4) AND (updated_at <='2024-04-11 21:45:00')
2024-04-18 21:46:00.276 [DEBU] {90abf8bcf859c717aca9ff1cc2528e75} [  2 ms] [default] [rows:1  ] SELECT COUNT(1) FROM `order_info` WHERE (`status`=4) AND (updated_at <='2024-04-11 21:46:00')
2024-04-18 21:47:00.277 [DEBU] {90abf8bcf859c717aca9ff1cc2528e75} [  1 ms] [default] [rows:1  ] SELECT COUNT(1) FROM `order_info` WHERE (`status`=4) AND (updated_at <='2024-04-11 21:47:00')
2024-04-18 21:48:00.281 [DEBU] {90abf8bcf859c717aca9ff1cc2528e75} [  4 ms] [default] [rows:1  ] SELECT COUNT(1) FROM `order_info` WHERE (`status`=4) AND (updated_at <='2024-04-11 21:48:00')
2024-04-18 21:49:00.282 [DEBU] {90abf8bcf859c717aca9ff1cc2528e75} [  4 ms] [default] [rows:1  ] SELECT COUNT(1) FROM `order_info` WHERE (`status`=4) AND (updated_at <='2024-04-11 21:49:00')
2024-04-18 21:50:00.283 [DEBU] {90abf8bcf859c717aca9ff1cc2528e75} [  5 ms] [default] [rows:1  ] SELECT COUNT(1) FROM `order_info` WHERE (`status`=4) AND (updated_at <='2024-04-11 21:50:00')
2024-04-18 21:51:00.284 [DEBU] {90abf8bcf859c717aca9ff1cc2528e75} [  4 ms] [default] [rows:1  ] SELECT COUNT(1) FROM `order_info` WHERE (`status`=4) AND (updated_at <='2024-04-11 21:51:00')
2024-04-18 21:52:00.256 [DEBU] {90abf8bcf859c717aca9ff1cc2528e75} [  1 ms] [default] [rows:1  ] SELECT COUNT(1) FROM `order_info` WHERE (`status`=4) AND (updated_at <='2024-04-11 21:52:00')
2024-04-18 21:53:00.242 [DEBU] {90abf8bcf859c717aca9ff1cc2528e75} [  2 ms] [default] [rows:1  ] SELECT COUNT(1) FROM `order_info` WHERE (`status`=4) AND (updated_at <='2024-04-11 21:53:00')
2024-04-18 21:54:00.244 [DEBU] {90abf8bcf859c717aca9ff1cc2528e75} [  3 ms] [default] [rows:1  ] SELECT COUNT(1) FROM `order_info` WHERE (`status`=4) AND (updated_at <='2024-04-11 21:54:00')
2024-04-18 21:55:00.245 [DEBU] {90abf8bcf859c717aca9ff1cc2528e75} [  4 ms] [default] [rows:1  ] SELECT COUNT(1) FROM `order_info` WHERE (`status`=4) AND (updated_at <='2024-04-11 21:55:00')
2024-04-18 21:56:00.244 [DEBU] {90abf8bcf859c717aca9ff1cc2528e75} [  2 ms] [default] [rows:1  ] SELECT COUNT(1) FROM `order_info` WHERE (`status`=4) AND (updated_at <='2024-04-11 21:56:00')
2024-04-18 21:57:00.247 [DEBU] {90abf8bcf859c717aca9ff1cc2528e75} [  5 ms] [default] [rows:1  ] SELECT COUNT(1) FROM `order_info` WHERE (`status`=4) AND (updated_at <='2024-04-11 21:57:00')
2024-04-18 21:58:00.243 [DEBU] {90abf8bcf859c717aca9ff1cc2528e75} [  1 ms] [default] [rows:1  ] SELECT COUNT(1) FROM `order_info` WHERE (`status`=4) AND (updated_at <='2024-04-11 21:58:00')
2024-04-18 21:59:00.244 [DEBU] {90abf8bcf859c717aca9ff1cc2528e75} [  2 ms] [default] [rows:1  ] SELECT COUNT(1) FROM `order_info` WHERE (`status`=4) AND (updated_at <='2024-04-11 21:59:00')
2024-04-18 22:00:00.247 [DEBU] {90abf8bcf859c717aca9ff1cc2528e75} [  3 ms] [default] [rows:1  ] SELECT COUNT(1) FROM `order_info` WHERE (`status`=4) AND (updated_at <='2024-04-11 22:00:00')
2024-04-18 22:01:00.247 [DEBU] {90abf8bcf859c717aca9ff1cc2528e75} [  3 ms] [default] [rows:1  ] SELECT COUNT(1) FROM `order_info` WHERE (`status`=4) AND (updated_at <='2024-04-11 22:01:00')
2024-04-18 22:02:00.247 [DEBU] {90abf8bcf859c717aca9ff1cc2528e75} [  2 ms] [default] [rows:1  ] SELECT COUNT(1) FROM `order_info` WHERE (`status`=4) AND (updated_at <='2024-04-11 22:02:00')
2024-04-18 22:03:00.250 [DEBU] {90abf8bcf859c717aca9ff1cc2528e75} [  4 ms] [default] [rows:1  ] SELECT COUNT(1) FROM `order_info` WHERE (`status`=4) AND (updated_at <='2024-04-11 22:03:00')
2024-04-18 22:04:00.249 [DEBU] {90abf8bcf859c717aca9ff1cc2528e75} [  3 ms] [default] [rows:1  ] SELECT COUNT(1) FROM `order_info` WHERE (`status`=4) AND (updated_at <='2024-04-11 22:04:00')
2024-04-18 22:05:00.251 [DEBU] {90abf8bcf859c717aca9ff1cc2528e75} [  4 ms] [default] [rows:1  ] SELECT COUNT(1) FROM `order_info` WHERE (`status`=4) AND (updated_at <='2024-04-11 22:05:00')
2024-04-18 22:06:00.251 [DEBU] {90abf8bcf859c717aca9ff1cc2528e75} [  3 ms] [default] [rows:1  ] SELECT COUNT(1) FROM `order_info` WHERE (`status`=4) AND (updated_at <='2024-04-11 22:06:00')
2024-04-18 22:07:00.240 [DEBU] {90abf8bcf859c717aca9ff1cc2528e75} [  4 ms] [default] [rows:1  ] SELECT COUNT(1) FROM `order_info` WHERE (`status`=4) AND (updated_at <='2024-04-11 22:07:00')
2024-04-18 22:08:00.232 [DEBU] {90abf8bcf859c717aca9ff1cc2528e75} [  4 ms] [default] [rows:1  ] SELECT COUNT(1) FROM `order_info` WHERE (`status`=4) AND (updated_at <='2024-04-11 22:08:00')
2024-04-18 22:09:00.230 [DEBU] {90abf8bcf859c717aca9ff1cc2528e75} [  2 ms] [default] [rows:1  ] SELECT COUNT(1) FROM `order_info` WHERE (`status`=4) AND (updated_at <='2024-04-11 22:09:00')
2024-04-18 22:10:00.234 [DEBU] {90abf8bcf859c717aca9ff1cc2528e75} [  5 ms] [default] [rows:1  ] SELECT COUNT(1) FROM `order_info` WHERE (`status`=4) AND (updated_at <='2024-04-11 22:10:00')
2024-04-18 22:11:00.234 [DEBU] {90abf8bcf859c717aca9ff1cc2528e75} [  4 ms] [default] [rows:1  ] SELECT COUNT(1) FROM `order_info` WHERE (`status`=4) AND (updated_at <='2024-04-11 22:11:00')
2024-04-18 22:12:00.235 [DEBU] {90abf8bcf859c717aca9ff1cc2528e75} [  4 ms] [default] [rows:1  ] SELECT COUNT(1) FROM `order_info` WHERE (`status`=4) AND (updated_at <='2024-04-11 22:12:00')
2024-04-18 22:13:00.231 [DEBU] {90abf8bcf859c717aca9ff1cc2528e75} [  1 ms] [default] [rows:1  ] SELECT COUNT(1) FROM `order_info` WHERE (`status`=4) AND (updated_at <='2024-04-11 22:13:00')
2024-04-18 22:15:00.044 [DEBU] {f8e231376365c717aec9401da3d676a7} [  4 ms] [default] [rows:15 ] SHOW FULL COLUMNS FROM `order_info`
2024-04-18 22:15:00.045 [DEBU] {f8e231376365c717aec9401da3d676a7} [  1 ms] [default] [rows:1  ] SELECT COUNT(1) FROM `order_info` WHERE (`status`=4) AND (updated_at <='2024-04-11 22:15:00')
2024-04-18 22:16:00.042 [DEBU] {f8e231376365c717aec9401da3d676a7} [  2 ms] [default] [rows:1  ] SELECT COUNT(1) FROM `order_info` WHERE (`status`=4) AND (updated_at <='2024-04-11 22:16:00')
2024-04-18 22:17:00.041 [DEBU] {f8e231376365c717aec9401da3d676a7} [  2 ms] [default] [rows:1  ] SELECT COUNT(1) FROM `order_info` WHERE (`status`=4) AND (updated_at <='2024-04-11 22:17:00')
2024-04-18 22:18:00.041 [DEBU] {f8e231376365c717aec9401da3d676a7} [  1 ms] [default] [rows:1  ] SELECT COUNT(1) FROM `order_info` WHERE (`status`=4) AND (updated_at <='2024-04-11 22:18:00')
2024-04-18 22:19:00.042 [DEBU] {f8e231376365c717aec9401da3d676a7} [  2 ms] [default] [rows:1  ] SELECT COUNT(1) FROM `order_info` WHERE (`status`=4) AND (updated_at <='2024-04-11 22:19:00')
2024-04-18 22:20:00.042 [DEBU] {f8e231376365c717aec9401da3d676a7} [  1 ms] [default] [rows:1  ] SELECT COUNT(1) FROM `order_info` WHERE (`status`=4) AND (updated_at <='2024-04-11 22:20:00')
2024-04-18 22:20:12.700 [DEBU] {587f4453b565c717b3c9401d4890e3e1} [  2 ms] [default] [rows:8  ] SHOW FULL COLUMNS FROM `admin_info`
2024-04-18 22:20:12.701 [DEBU] {b8146853b565c717b4c9401dd9327b4b} [  1 ms] [default] [rows:1  ] SELECT `id`,`name`,`password`,`role_ids`,`created_at`,`updated_at`,`user_salt`,`is_admin` FROM `admin_info` WHERE `name`='admin' LIMIT 1
2024-04-18 22:20:12.703 [DEBU] {c08e8b53b565c717b5c9401db436ceaf} [  1 ms] [default] [rows:1  ] SELECT `id`,`name`,`password`,`role_ids`,`created_at`,`updated_at`,`user_salt`,`is_admin` FROM `admin_info` WHERE `id`='16' LIMIT 1
2024-04-18 22:20:12.705 [DEBU] {78349c53b565c717b6c9401d10bbe71d} [  2 ms] [default] [rows:5  ] SHOW FULL COLUMNS FROM `role_permission_info`
2024-04-18 22:20:12.706 [DEBU] {f084b553b565c717b7c9401dbe6f0e81} [  1 ms] [default] [rows:0  ] SELECT `id`,`role_id`,`permission_id`,`created_at`,`updated_at` FROM `role_permission_info` WHERE `role_id` IN ('1')
2024-04-18 22:20:12.708 [DEBU] {a061c453b565c717b8c9401daa8e1f8a} [  2 ms] [default] [rows:6  ] SHOW FULL COLUMNS FROM `permission_info`
2024-04-18 22:20:12.708 [DEBU] {0098e253b565c717b9c9401d2fba2af1} [  0 ms] [default] [rows:0  ] SELECT `id`,`name`,`path`,`created_at`,`updated_at`,`deleted_at` FROM `permission_info` WHERE (0=1) AND `deleted_at` IS NULL
2024-04-18 22:21:00.042 [DEBU] {f8e231376365c717aec9401da3d676a7} [  1 ms] [default] [rows:1  ] SELECT COUNT(1) FROM `order_info` WHERE (`status`=4) AND (updated_at <='2024-04-11 22:21:00')
2024-04-18 22:22:00.044 [DEBU] {f8e231376365c717aec9401da3d676a7} [  1 ms] [default] [rows:1  ] SELECT COUNT(1) FROM `order_info` WHERE (`status`=4) AND (updated_at <='2024-04-11 22:22:00')
2024-04-18 22:23:00.045 [DEBU] {f8e231376365c717aec9401da3d676a7} [  3 ms] [default] [rows:1  ] SELECT COUNT(1) FROM `order_info` WHERE (`status`=4) AND (updated_at <='2024-04-11 22:23:00')
2024-04-18 22:24:00.048 [DEBU] {f8e231376365c717aec9401da3d676a7} [  4 ms] [default] [rows:1  ] SELECT COUNT(1) FROM `order_info` WHERE (`status`=4) AND (updated_at <='2024-04-11 22:24:00')
2024-04-18 22:25:00.048 [DEBU] {f8e231376365c717aec9401da3d676a7} [  3 ms] [default] [rows:1  ] SELECT COUNT(1) FROM `order_info` WHERE (`status`=4) AND (updated_at <='2024-04-11 22:25:00')
2024-04-18 22:26:00.049 [DEBU] {f8e231376365c717aec9401da3d676a7} [  4 ms] [default] [rows:1  ] SELECT COUNT(1) FROM `order_info` WHERE (`status`=4) AND (updated_at <='2024-04-11 22:26:00')
2024-04-18 22:27:00.049 [DEBU] {f8e231376365c717aec9401da3d676a7} [  3 ms] [default] [rows:1  ] SELECT COUNT(1) FROM `order_info` WHERE (`status`=4) AND (updated_at <='2024-04-11 22:27:00')
2024-04-18 22:28:00.050 [DEBU] {f8e231376365c717aec9401da3d676a7} [  3 ms] [default] [rows:1  ] SELECT COUNT(1) FROM `order_info` WHERE (`status`=4) AND (updated_at <='2024-04-11 22:28:00')
2024-04-18 22:29:00.050 [DEBU] {f8e231376365c717aec9401da3d676a7} [  3 ms] [default] [rows:1  ] SELECT COUNT(1) FROM `order_info` WHERE (`status`=4) AND (updated_at <='2024-04-11 22:29:00')
2024-04-18 22:30:00.049 [DEBU] {f8e231376365c717aec9401da3d676a7} [  2 ms] [default] [rows:1  ] SELECT COUNT(1) FROM `order_info` WHERE (`status`=4) AND (updated_at <='2024-04-11 22:30:00')
2024-04-18 22:31:00.048 [DEBU] {f8e231376365c717aec9401da3d676a7} [  1 ms] [default] [rows:1  ] SELECT COUNT(1) FROM `order_info` WHERE (`status`=4) AND (updated_at <='2024-04-11 22:31:00')
2024-04-18 22:32:00.049 [DEBU] {f8e231376365c717aec9401da3d676a7} [  2 ms] [default] [rows:1  ] SELECT COUNT(1) FROM `order_info` WHERE (`status`=4) AND (updated_at <='2024-04-11 22:32:00')
2024-04-18 22:33:00.049 [DEBU] {f8e231376365c717aec9401da3d676a7} [  1 ms] [default] [rows:1  ] SELECT COUNT(1) FROM `order_info` WHERE (`status`=4) AND (updated_at <='2024-04-11 22:33:00')
2024-04-18 22:34:00.054 [DEBU] {f8e231376365c717aec9401da3d676a7} [  3 ms] [default] [rows:1  ] SELECT COUNT(1) FROM `order_info` WHERE (`status`=4) AND (updated_at <='2024-04-11 22:34:00')
2024-04-18 22:35:00.050 [DEBU] {f8e231376365c717aec9401da3d676a7} [  1 ms] [default] [rows:1  ] SELECT COUNT(1) FROM `order_info` WHERE (`status`=4) AND (updated_at <='2024-04-11 22:35:00')
2024-04-18 22:36:00.051 [DEBU] {f8e231376365c717aec9401da3d676a7} [  1 ms] [default] [rows:1  ] SELECT COUNT(1) FROM `order_info` WHERE (`status`=4) AND (updated_at <='2024-04-11 22:36:00')
2024-04-18 22:37:00.029 [DEBU] {f8e231376365c717aec9401da3d676a7} [  1 ms] [default] [rows:1  ] SELECT COUNT(1) FROM `order_info` WHERE (`status`=4) AND (updated_at <='2024-04-11 22:37:00')
2024-04-18 22:38:00.007 [DEBU] {f8e231376365c717aec9401da3d676a7} [  1 ms] [default] [rows:1  ] SELECT COUNT(1) FROM `order_info` WHERE (`status`=4) AND (updated_at <='2024-04-11 22:38:00')
2024-04-18 22:39:00.007 [DEBU] {f8e231376365c717aec9401da3d676a7} [  2 ms] [default] [rows:1  ] SELECT COUNT(1) FROM `order_info` WHERE (`status`=4) AND (updated_at <='2024-04-11 22:39:00')
2024-04-18 22:40:00.009 [DEBU] {f8e231376365c717aec9401da3d676a7} [  3 ms] [default] [rows:1  ] SELECT COUNT(1) FROM `order_info` WHERE (`status`=4) AND (updated_at <='2024-04-11 22:40:00')
2024-04-18 22:41:00.008 [DEBU] {f8e231376365c717aec9401da3d676a7} [  1 ms] [default] [rows:1  ] SELECT COUNT(1) FROM `order_info` WHERE (`status`=4) AND (updated_at <='2024-04-11 22:41:00')
2024-04-18 22:42:00.009 [DEBU] {f8e231376365c717aec9401da3d676a7} [  2 ms] [default] [rows:1  ] SELECT COUNT(1) FROM `order_info` WHERE (`status`=4) AND (updated_at <='2024-04-11 22:42:00')
2024-04-18 22:43:00.046 [DEBU] {f8e231376365c717aec9401da3d676a7} [ 10 ms] [default] [rows:1  ] SELECT COUNT(1) FROM `order_info` WHERE (`status`=4) AND (updated_at <='2024-04-11 22:43:00')
2024-04-18 22:44:00.010 [DEBU] {f8e231376365c717aec9401da3d676a7} [  1 ms] [default] [rows:1  ] SELECT COUNT(1) FROM `order_info` WHERE (`status`=4) AND (updated_at <='2024-04-11 22:44:00')
2024-04-18 22:45:00.011 [DEBU] {f8e231376365c717aec9401da3d676a7} [  2 ms] [default] [rows:1  ] SELECT COUNT(1) FROM `order_info` WHERE (`status`=4) AND (updated_at <='2024-04-11 22:45:00')
2024-04-18 22:46:00.012 [DEBU] {f8e231376365c717aec9401da3d676a7} [  2 ms] [default] [rows:1  ] SELECT COUNT(1) FROM `order_info` WHERE (`status`=4) AND (updated_at <='2024-04-11 22:46:00')
2024-04-18 22:47:00.012 [DEBU] {f8e231376365c717aec9401da3d676a7} [  2 ms] [default] [rows:1  ] SELECT COUNT(1) FROM `order_info` WHERE (`status`=4) AND (updated_at <='2024-04-11 22:47:00')
2024-04-18 22:48:00.013 [DEBU] {f8e231376365c717aec9401da3d676a7} [  2 ms] [default] [rows:1  ] SELECT COUNT(1) FROM `order_info` WHERE (`status`=4) AND (updated_at <='2024-04-11 22:48:00')
2024-04-18 22:49:00.012 [DEBU] {f8e231376365c717aec9401da3d676a7} [  1 ms] [default] [rows:1  ] SELECT COUNT(1) FROM `order_info` WHERE (`status`=4) AND (updated_at <='2024-04-11 22:49:00')
2024-04-18 22:50:00.014 [DEBU] {f8e231376365c717aec9401da3d676a7} [  2 ms] [default] [rows:1  ] SELECT COUNT(1) FROM `order_info` WHERE (`status`=4) AND (updated_at <='2024-04-11 22:50:00')
2024-04-18 22:51:00.014 [DEBU] {f8e231376365c717aec9401da3d676a7} [  2 ms] [default] [rows:1  ] SELECT COUNT(1) FROM `order_info` WHERE (`status`=4) AND (updated_at <='2024-04-11 22:51:00')
2024-04-18 22:52:00.015 [DEBU] {f8e231376365c717aec9401da3d676a7} [  2 ms] [default] [rows:1  ] SELECT COUNT(1) FROM `order_info` WHERE (`status`=4) AND (updated_at <='2024-04-11 22:52:00')
2024-04-18 22:52:59.998 [DEBU] {f8e231376365c717aec9401da3d676a7} [  4 ms] [default] [rows:1  ] SELECT COUNT(1) FROM `order_info` WHERE (`status`=4) AND (updated_at <='2024-04-11 22:52:59')
2024-04-18 22:53:59.996 [DEBU] {f8e231376365c717aec9401da3d676a7} [  4 ms] [default] [rows:1  ] SELECT COUNT(1) FROM `order_info` WHERE (`status`=4) AND (updated_at <='2024-04-11 22:53:59')
2024-04-18 22:54:59.993 [DEBU] {f8e231376365c717aec9401da3d676a7} [  1 ms] [default] [rows:1  ] SELECT COUNT(1) FROM `order_info` WHERE (`status`=4) AND (updated_at <='2024-04-11 22:54:59')
2024-04-18 22:55:59.994 [DEBU] {f8e231376365c717aec9401da3d676a7} [  1 ms] [default] [rows:1  ] SELECT COUNT(1) FROM `order_info` WHERE (`status`=4) AND (updated_at <='2024-04-11 22:55:59')
2024-04-18 22:56:59.995 [DEBU] {f8e231376365c717aec9401da3d676a7} [  2 ms] [default] [rows:1  ] SELECT COUNT(1) FROM `order_info` WHERE (`status`=4) AND (updated_at <='2024-04-11 22:56:59')
2024-04-18 22:57:59.995 [DEBU] {f8e231376365c717aec9401da3d676a7} [  1 ms] [default] [rows:1  ] SELECT COUNT(1) FROM `order_info` WHERE (`status`=4) AND (updated_at <='2024-04-11 22:57:59')
2024-04-18 22:58:59.996 [DEBU] {f8e231376365c717aec9401da3d676a7} [  1 ms] [default] [rows:1  ] SELECT COUNT(1) FROM `order_info` WHERE (`status`=4) AND (updated_at <='2024-04-11 22:58:59')
2024-04-18 22:59:59.998 [DEBU] {f8e231376365c717aec9401da3d676a7} [  3 ms] [default] [rows:1  ] SELECT COUNT(1) FROM `order_info` WHERE (`status`=4) AND (updated_at <='2024-04-11 22:59:59')
2024-04-18 23:00:59.999 [DEBU] {f8e231376365c717aec9401da3d676a7} [  3 ms] [default] [rows:1  ] SELECT COUNT(1) FROM `order_info` WHERE (`status`=4) AND (updated_at <='2024-04-11 23:00:59')
2024-04-18 23:02:00.000 [DEBU] {f8e231376365c717aec9401da3d676a7} [  3 ms] [default] [rows:1  ] SELECT COUNT(1) FROM `order_info` WHERE (`status`=4) AND (updated_at <='2024-04-11 23:01:59')
2024-04-18 23:03:00.002 [DEBU] {f8e231376365c717aec9401da3d676a7} [  4 ms] [default] [rows:1  ] SELECT COUNT(1) FROM `order_info` WHERE (`status`=4) AND (updated_at <='2024-04-11 23:02:59')
2024-04-18 23:04:00.002 [DEBU] {f8e231376365c717aec9401da3d676a7} [  4 ms] [default] [rows:1  ] SELECT COUNT(1) FROM `order_info` WHERE (`status`=4) AND (updated_at <='2024-04-11 23:03:59')
2024-04-18 23:05:00.000 [DEBU] {f8e231376365c717aec9401da3d676a7} [  2 ms] [default] [rows:1  ] SELECT COUNT(1) FROM `order_info` WHERE (`status`=4) AND (updated_at <='2024-04-11 23:04:59')
2024-04-18 23:06:00.004 [DEBU] {f8e231376365c717aec9401da3d676a7} [  5 ms] [default] [rows:1  ] SELECT COUNT(1) FROM `order_info` WHERE (`status`=4) AND (updated_at <='2024-04-11 23:05:59')
2024-04-18 23:07:00.001 [DEBU] {f8e231376365c717aec9401da3d676a7} [  1 ms] [default] [rows:1  ] SELECT COUNT(1) FROM `order_info` WHERE (`status`=4) AND (updated_at <='2024-04-11 23:06:59')
2024-04-18 23:07:59.879 [DEBU] {f8e231376365c717aec9401da3d676a7} [  4 ms] [default] [rows:1  ] SELECT COUNT(1) FROM `order_info` WHERE (`status`=4) AND (updated_at <='2024-04-11 23:07:59')
2024-04-18 23:08:59.878 [DEBU] {f8e231376365c717aec9401da3d676a7} [  3 ms] [default] [rows:1  ] SELECT COUNT(1) FROM `order_info` WHERE (`status`=4) AND (updated_at <='2024-04-11 23:08:59')
2024-04-18 23:09:59.878 [DEBU] {f8e231376365c717aec9401da3d676a7} [  4 ms] [default] [rows:1  ] SELECT COUNT(1) FROM `order_info` WHERE (`status`=4) AND (updated_at <='2024-04-11 23:09:59')
2024-04-18 23:10:59.877 [DEBU] {f8e231376365c717aec9401da3d676a7} [  4 ms] [default] [rows:1  ] SELECT COUNT(1) FROM `order_info` WHERE (`status`=4) AND (updated_at <='2024-04-11 23:10:59')
2024-04-18 23:11:59.875 [DEBU] {f8e231376365c717aec9401da3d676a7} [  1 ms] [default] [rows:1  ] SELECT COUNT(1) FROM `order_info` WHERE (`status`=4) AND (updated_at <='2024-04-11 23:11:59')
2024-04-18 23:12:59.876 [DEBU] {f8e231376365c717aec9401da3d676a7} [  2 ms] [default] [rows:1  ] SELECT COUNT(1) FROM `order_info` WHERE (`status`=4) AND (updated_at <='2024-04-11 23:12:59')
2024-04-18 23:13:59.874 [DEBU] {f8e231376365c717aec9401da3d676a7} [  2 ms] [default] [rows:1  ] SELECT COUNT(1) FROM `order_info` WHERE (`status`=4) AND (updated_at <='2024-04-11 23:13:59')
2024-04-18 23:14:59.873 [DEBU] {f8e231376365c717aec9401da3d676a7} [  1 ms] [default] [rows:1  ] SELECT COUNT(1) FROM `order_info` WHERE (`status`=4) AND (updated_at <='2024-04-11 23:14:59')
2024-04-18 23:15:59.875 [DEBU] {f8e231376365c717aec9401da3d676a7} [  3 ms] [default] [rows:1  ] SELECT COUNT(1) FROM `order_info` WHERE (`status`=4) AND (updated_at <='2024-04-11 23:15:59')
2024-04-18 23:16:59.887 [DEBU] {f8e231376365c717aec9401da3d676a7} [ 11 ms] [default] [rows:1  ] SELECT COUNT(1) FROM `order_info` WHERE (`status`=4) AND (updated_at <='2024-04-11 23:16:59')
2024-04-18 23:17:59.873 [DEBU] {f8e231376365c717aec9401da3d676a7} [  1 ms] [default] [rows:1  ] SELECT COUNT(1) FROM `order_info` WHERE (`status`=4) AND (updated_at <='2024-04-11 23:17:59')
2024-04-18 23:18:59.872 [DEBU] {f8e231376365c717aec9401da3d676a7} [  1 ms] [default] [rows:1  ] SELECT COUNT(1) FROM `order_info` WHERE (`status`=4) AND (updated_at <='2024-04-11 23:18:59')
2024-04-18 23:19:59.875 [DEBU] {f8e231376365c717aec9401da3d676a7} [  4 ms] [default] [rows:1  ] SELECT COUNT(1) FROM `order_info` WHERE (`status`=4) AND (updated_at <='2024-04-11 23:19:59')
2024-04-18 23:20:59.875 [DEBU] {f8e231376365c717aec9401da3d676a7} [  4 ms] [default] [rows:1  ] SELECT COUNT(1) FROM `order_info` WHERE (`status`=4) AND (updated_at <='2024-04-11 23:20:59')
2024-04-18 23:21:59.873 [DEBU] {f8e231376365c717aec9401da3d676a7} [  3 ms] [default] [rows:1  ] SELECT COUNT(1) FROM `order_info` WHERE (`status`=4) AND (updated_at <='2024-04-11 23:21:59')
2024-04-18 23:22:59.862 [DEBU] {f8e231376365c717aec9401da3d676a7} [  2 ms] [default] [rows:1  ] SELECT COUNT(1) FROM `order_info` WHERE (`status`=4) AND (updated_at <='2024-04-11 23:22:59')
2024-04-18 23:23:59.859 [DEBU] {f8e231376365c717aec9401da3d676a7} [  1 ms] [default] [rows:1  ] SELECT COUNT(1) FROM `order_info` WHERE (`status`=4) AND (updated_at <='2024-04-11 23:23:59')
2024-04-18 23:24:59.859 [DEBU] {f8e231376365c717aec9401da3d676a7} [  2 ms] [default] [rows:1  ] SELECT COUNT(1) FROM `order_info` WHERE (`status`=4) AND (updated_at <='2024-04-11 23:24:59')
2024-04-18 23:25:59.857 [DEBU] {f8e231376365c717aec9401da3d676a7} [  1 ms] [default] [rows:1  ] SELECT COUNT(1) FROM `order_info` WHERE (`status`=4) AND (updated_at <='2024-04-11 23:25:59')
2024-04-18 23:26:59.860 [DEBU] {f8e231376365c717aec9401da3d676a7} [  3 ms] [default] [rows:1  ] SELECT COUNT(1) FROM `order_info` WHERE (`status`=4) AND (updated_at <='2024-04-11 23:26:59')
2024-04-18 23:27:59.859 [DEBU] {f8e231376365c717aec9401da3d676a7} [  2 ms] [default] [rows:1  ] SELECT COUNT(1) FROM `order_info` WHERE (`status`=4) AND (updated_at <='2024-04-11 23:27:59')
2024-04-18 23:28:59.860 [DEBU] {f8e231376365c717aec9401da3d676a7} [  3 ms] [default] [rows:1  ] SELECT COUNT(1) FROM `order_info` WHERE (`status`=4) AND (updated_at <='2024-04-11 23:28:59')
2024-04-18 23:29:59.859 [DEBU] {f8e231376365c717aec9401da3d676a7} [  3 ms] [default] [rows:1  ] SELECT COUNT(1) FROM `order_info` WHERE (`status`=4) AND (updated_at <='2024-04-11 23:29:59')
2024-04-18 23:30:59.857 [DEBU] {f8e231376365c717aec9401da3d676a7} [  2 ms] [default] [rows:1  ] SELECT COUNT(1) FROM `order_info` WHERE (`status`=4) AND (updated_at <='2024-04-11 23:30:59')
2024-04-18 23:31:59.857 [DEBU] {f8e231376365c717aec9401da3d676a7} [  2 ms] [default] [rows:1  ] SELECT COUNT(1) FROM `order_info` WHERE (`status`=4) AND (updated_at <='2024-04-11 23:31:59')
2024-04-18 23:32:59.856 [DEBU] {f8e231376365c717aec9401da3d676a7} [  1 ms] [default] [rows:1  ] SELECT COUNT(1) FROM `order_info` WHERE (`status`=4) AND (updated_at <='2024-04-11 23:32:59')
2024-04-18 23:33:59.855 [DEBU] {f8e231376365c717aec9401da3d676a7} [  1 ms] [default] [rows:1  ] SELECT COUNT(1) FROM `order_info` WHERE (`status`=4) AND (updated_at <='2024-04-11 23:33:59')
2024-04-18 23:34:59.856 [DEBU] {f8e231376365c717aec9401da3d676a7} [  1 ms] [default] [rows:1  ] SELECT COUNT(1) FROM `order_info` WHERE (`status`=4) AND (updated_at <='2024-04-11 23:34:59')
2024-04-18 23:35:59.858 [DEBU] {f8e231376365c717aec9401da3d676a7} [  3 ms] [default] [rows:1  ] SELECT COUNT(1) FROM `order_info` WHERE (`status`=4) AND (updated_at <='2024-04-11 23:35:59')
2024-04-18 23:36:59.858 [DEBU] {f8e231376365c717aec9401da3d676a7} [  3 ms] [default] [rows:1  ] SELECT COUNT(1) FROM `order_info` WHERE (`status`=4) AND (updated_at <='2024-04-11 23:36:59')
2024-04-18 23:37:59.869 [DEBU] {f8e231376365c717aec9401da3d676a7} [  2 ms] [default] [rows:1  ] SELECT COUNT(1) FROM `order_info` WHERE (`status`=4) AND (updated_at <='2024-04-11 23:37:59')
2024-04-18 23:38:59.874 [DEBU] {f8e231376365c717aec9401da3d676a7} [  1 ms] [default] [rows:1  ] SELECT COUNT(1) FROM `order_info` WHERE (`status`=4) AND (updated_at <='2024-04-11 23:38:59')
2024-04-18 23:39:59.877 [DEBU] {f8e231376365c717aec9401da3d676a7} [  3 ms] [default] [rows:1  ] SELECT COUNT(1) FROM `order_info` WHERE (`status`=4) AND (updated_at <='2024-04-11 23:39:59')
2024-04-18 23:40:59.878 [DEBU] {f8e231376365c717aec9401da3d676a7} [  4 ms] [default] [rows:1  ] SELECT COUNT(1) FROM `order_info` WHERE (`status`=4) AND (updated_at <='2024-04-11 23:40:59')
2024-04-18 23:41:59.878 [DEBU] {f8e231376365c717aec9401da3d676a7} [  4 ms] [default] [rows:1  ] SELECT COUNT(1) FROM `order_info` WHERE (`status`=4) AND (updated_at <='2024-04-11 23:41:59')
2024-04-18 23:42:59.878 [DEBU] {f8e231376365c717aec9401da3d676a7} [  3 ms] [default] [rows:1  ] SELECT COUNT(1) FROM `order_info` WHERE (`status`=4) AND (updated_at <='2024-04-11 23:42:59')
2024-04-18 23:43:59.879 [DEBU] {f8e231376365c717aec9401da3d676a7} [  4 ms] [default] [rows:1  ] SELECT COUNT(1) FROM `order_info` WHERE (`status`=4) AND (updated_at <='2024-04-11 23:43:59')
2024-04-18 23:44:59.879 [DEBU] {f8e231376365c717aec9401da3d676a7} [  4 ms] [default] [rows:1  ] SELECT COUNT(1) FROM `order_info` WHERE (`status`=4) AND (updated_at <='2024-04-11 23:44:59')
2024-04-18 23:45:59.879 [DEBU] {f8e231376365c717aec9401da3d676a7} [  3 ms] [default] [rows:1  ] SELECT COUNT(1) FROM `order_info` WHERE (`status`=4) AND (updated_at <='2024-04-11 23:45:59')
2024-04-18 23:46:59.879 [DEBU] {f8e231376365c717aec9401da3d676a7} [  3 ms] [default] [rows:1  ] SELECT COUNT(1) FROM `order_info` WHERE (`status`=4) AND (updated_at <='2024-04-11 23:46:59')
2024-04-18 23:47:59.879 [DEBU] {f8e231376365c717aec9401da3d676a7} [  4 ms] [default] [rows:1  ] SELECT COUNT(1) FROM `order_info` WHERE (`status`=4) AND (updated_at <='2024-04-11 23:47:59')
2024-04-18 23:48:59.878 [DEBU] {f8e231376365c717aec9401da3d676a7} [  3 ms] [default] [rows:1  ] SELECT COUNT(1) FROM `order_info` WHERE (`status`=4) AND (updated_at <='2024-04-11 23:48:59')
2024-04-18 23:49:59.880 [DEBU] {f8e231376365c717aec9401da3d676a7} [  4 ms] [default] [rows:1  ] SELECT COUNT(1) FROM `order_info` WHERE (`status`=4) AND (updated_at <='2024-04-11 23:49:59')
2024-04-18 23:50:59.877 [DEBU] {f8e231376365c717aec9401da3d676a7} [  2 ms] [default] [rows:1  ] SELECT COUNT(1) FROM `order_info` WHERE (`status`=4) AND (updated_at <='2024-04-11 23:50:59')
2024-04-18 23:51:59.877 [DEBU] {f8e231376365c717aec9401da3d676a7} [  1 ms] [default] [rows:1  ] SELECT COUNT(1) FROM `order_info` WHERE (`status`=4) AND (updated_at <='2024-04-11 23:51:59')
2024-04-18 23:52:59.892 [DEBU] {f8e231376365c717aec9401da3d676a7} [  1 ms] [default] [rows:1  ] SELECT COUNT(1) FROM `order_info` WHERE (`status`=4) AND (updated_at <='2024-04-11 23:52:59')
2024-04-18 23:53:59.901 [DEBU] {f8e231376365c717aec9401da3d676a7} [  1 ms] [default] [rows:1  ] SELECT COUNT(1) FROM `order_info` WHERE (`status`=4) AND (updated_at <='2024-04-11 23:53:59')
2024-04-18 23:54:59.901 [DEBU] {f8e231376365c717aec9401da3d676a7} [  2 ms] [default] [rows:1  ] SELECT COUNT(1) FROM `order_info` WHERE (`status`=4) AND (updated_at <='2024-04-11 23:54:59')
2024-04-18 23:55:59.902 [DEBU] {f8e231376365c717aec9401da3d676a7} [  2 ms] [default] [rows:1  ] SELECT COUNT(1) FROM `order_info` WHERE (`status`=4) AND (updated_at <='2024-04-11 23:55:59')
2024-04-18 23:56:59.903 [DEBU] {f8e231376365c717aec9401da3d676a7} [  2 ms] [default] [rows:1  ] SELECT COUNT(1) FROM `order_info` WHERE (`status`=4) AND (updated_at <='2024-04-11 23:56:59')
2024-04-18 23:57:59.904 [DEBU] {f8e231376365c717aec9401da3d676a7} [  1 ms] [default] [rows:1  ] SELECT COUNT(1) FROM `order_info` WHERE (`status`=4) AND (updated_at <='2024-04-11 23:57:59')
2024-04-18 23:58:59.903 [DEBU] {f8e231376365c717aec9401da3d676a7} [  1 ms] [default] [rows:1  ] SELECT COUNT(1) FROM `order_info` WHERE (`status`=4) AND (updated_at <='2024-04-11 23:58:59')
2024-04-18 23:59:59.904 [DEBU] {f8e231376365c717aec9401da3d676a7} [  2 ms] [default] [rows:1  ] SELECT COUNT(1) FROM `order_info` WHERE (`status`=4) AND (updated_at <='2024-04-11 23:59:59')
